TN:
SF:components\AdminLineChart.tsx
FN:11,AdminLineChart
FN:27,(anonymous_1)
FN:33,(anonymous_2)
FN:38,(anonymous_3)
FN:58,(anonymous_4)
FN:63,(anonymous_5)
FNF:6
FNH:0
FNDA:0,AdminLineChart
FNDA:0,(anonymous_1)
FNDA:0,(anonymous_2)
FNDA:0,(anonymous_3)
FNDA:0,(anonymous_4)
FNDA:0,(anonymous_5)
DA:12,0
DA:13,0
DA:16,0
DA:17,0
DA:18,0
DA:19,0
DA:21,0
DA:22,0
DA:23,0
DA:25,0
DA:27,0
DA:28,0
DA:29,0
DA:30,0
DA:33,0
DA:35,0
DA:39,0
DA:40,0
DA:60,0
DA:64,0
DA:65,0
LF:21
LH:0
BRDA:12,0,0,0
BRDA:12,0,1,0
BRDA:33,1,0,0
BRDA:33,1,1,0
BRF:4
BRH:0
end_of_record
TN:
SF:components\AlertToast.tsx
FN:26,AlertToast
FN:40,(anonymous_1)
FN:51,(anonymous_2)
FN:57,(anonymous_3)
FNF:4
FNH:0
FNDA:0,AlertToast
FNDA:0,(anonymous_1)
FNDA:0,(anonymous_2)
FNDA:0,(anonymous_3)
DA:34,0
DA:36,0
DA:37,0
DA:39,0
DA:40,0
DA:41,0
DA:42,0
DA:44,0
DA:50,0
DA:51,0
DA:54,0
DA:58,0
DA:63,0
DA:65,0
DA:67,0
LF:15
LH:0
BRDA:31,0,0,0
BRDA:41,1,0,0
BRDA:41,1,1,0
BRDA:63,2,0,0
BRDA:63,2,1,0
BRF:5
BRH:0
end_of_record
TN:
SF:components\AnimatedSplash.tsx
FN:14,AnimatedSplashScreen
FN:17,(anonymous_1)
FN:34,(anonymous_2)
FN:37,(anonymous_3)
FNF:4
FNH:0
FNDA:0,AnimatedSplashScreen
FNDA:0,(anonymous_1)
FNDA:0,(anonymous_2)
FNDA:0,(anonymous_3)
DA:15,0
DA:17,0
DA:18,0
DA:34,0
DA:35,0
DA:37,0
DA:38,0
DA:42,0
DA:53,0
LF:9
LH:0
BRDA:35,0,0,0
BRDA:35,0,1,0
BRF:2
BRH:0
end_of_record
TN:
SF:components\BackButton.tsx
FN:11,BackButton
FN:18,(anonymous_1)
FNF:2
FNH:0
FNDA:0,BackButton
FNDA:0,(anonymous_1)
DA:14,0
DA:16,0
DA:18,0
LF:3
LH:0
BRF:0
BRH:0
end_of_record
TN:
SF:components\Button.tsx
FN:24,ButtonAuth
FNF:1
FNH:0
FNDA:0,ButtonAuth
DA:25,0
LF:1
LH:0
BRDA:24,0,0,0
BRDA:27,1,0,0
BRDA:27,1,1,0
BRDA:28,2,0,0
BRDA:28,2,1,0
BRDA:29,3,0,0
BRDA:29,3,1,0
BRF:7
BRH:0
end_of_record
TN:
SF:components\Calendar.tsx
FN:27,Calendar
FN:36,(anonymous_1)
FN:52,(anonymous_2)
FN:71,(anonymous_3)
FN:76,(anonymous_4)
FN:82,(anonymous_5)
FN:83,(anonymous_6)
FN:90,(anonymous_7)
FN:98,(anonymous_8)
FN:104,(anonymous_9)
FN:111,(anonymous_10)
FN:123,(anonymous_11)
FN:125,(anonymous_12)
FN:149,(anonymous_13)
FN:154,(anonymous_14)
FN:166,(anonymous_15)
FN:184,(anonymous_16)
FNF:17
FNH:0
FNDA:0,Calendar
FNDA:0,(anonymous_1)
FNDA:0,(anonymous_2)
FNDA:0,(anonymous_3)
FNDA:0,(anonymous_4)
FNDA:0,(anonymous_5)
FNDA:0,(anonymous_6)
FNDA:0,(anonymous_7)
FNDA:0,(anonymous_8)
FNDA:0,(anonymous_9)
FNDA:0,(anonymous_10)
FNDA:0,(anonymous_11)
FNDA:0,(anonymous_12)
FNDA:0,(anonymous_13)
FNDA:0,(anonymous_14)
FNDA:0,(anonymous_15)
FNDA:0,(anonymous_16)
DA:28,0
DA:29,0
DA:30,0
DA:31,0
DA:32,0
DA:33,0
DA:36,0
DA:37,0
DA:38,0
DA:39,0
DA:41,0
DA:43,0
DA:44,0
DA:45,0
DA:46,0
DA:49,0
DA:51,0
DA:52,0
DA:58,0
DA:60,0
DA:63,0
DA:64,0
DA:66,0
DA:71,0
DA:72,0
DA:76,0
DA:77,0
DA:78,0
DA:79,0
DA:82,0
DA:83,0
DA:84,0
DA:85,0
DA:86,0
DA:90,0
DA:91,0
DA:92,0
DA:95,0
DA:96,0
DA:98,0
DA:99,0
DA:104,0
DA:105,0
DA:106,0
DA:111,0
DA:112,0
DA:113,0
DA:116,0
DA:117,0
DA:119,0
DA:123,0
DA:125,0
DA:149,0
DA:155,0
DA:156,0
DA:157,0
DA:166,0
DA:185,0
LF:58
LH:0
BRDA:51,0,0,0
BRDA:51,0,1,0
BRDA:51,1,0,0
BRDA:51,1,1,0
BRDA:54,2,0,0
BRDA:54,2,1,0
BRDA:56,3,0,0
BRDA:56,3,1,0
BRDA:85,4,0,0
BRDA:85,4,1,0
BRDA:99,5,0,0
BRDA:99,5,1,0
BRDA:99,5,2,0
BRDA:106,6,0,0
BRDA:106,6,1,0
BRDA:106,6,2,0
BRDA:113,7,0,0
BRDA:113,7,1,0
BRDA:116,8,0,0
BRDA:116,8,1,0
BRDA:156,9,0,0
BRDA:156,9,1,0
BRDA:162,10,0,0
BRDA:162,10,1,0
BRDA:163,11,0,0
BRDA:163,11,1,0
BRDA:164,12,0,0
BRDA:164,12,1,0
BRDA:166,13,0,0
BRDA:166,13,1,0
BRDA:169,14,0,0
BRDA:169,14,1,0
BRDA:170,15,0,0
BRDA:170,15,1,0
BRDA:179,16,0,0
BRDA:179,16,1,0
BRDA:181,17,0,0
BRDA:181,17,1,0
BRF:38
BRH:0
end_of_record
TN:
SF:components\CategoryLabel.tsx
FN:12,CategoryLabel
FNF:1
FNH:0
FNDA:0,CategoryLabel
DA:16,0
DA:27,0
LF:2
LH:0
BRF:0
BRH:0
end_of_record
TN:
SF:components\Cross.tsx
FN:17,Cross
FNF:1
FNH:0
FNDA:0,Cross
DA:18,0
LF:1
LH:0
BRF:0
BRH:0
end_of_record
TN:
SF:components\DatePickerFields.tsx
FN:23,DatePickerField
FN:32,(anonymous_1)
FN:33,(anonymous_2)
FN:38,(anonymous_3)
FN:43,(anonymous_4)
FN:49,(anonymous_5)
FN:89,(anonymous_6)
FN:129,(anonymous_7)
FNF:8
FNH:0
FNDA:0,DatePickerField
FNDA:0,(anonymous_1)
FNDA:0,(anonymous_2)
FNDA:0,(anonymous_3)
FNDA:0,(anonymous_4)
FNDA:0,(anonymous_5)
FNDA:0,(anonymous_6)
FNDA:0,(anonymous_7)
DA:28,0
DA:29,0
DA:32,0
DA:33,0
DA:35,0
DA:38,0
DA:39,0
DA:41,0
DA:44,0
DA:45,0
DA:47,0
DA:50,0
DA:51,0
DA:52,0
DA:53,0
DA:56,0
DA:59,0
DA:70,0
DA:76,0
DA:77,0
DA:90,0
DA:91,0
DA:98,0
DA:130,0
DA:131,0
DA:132,0
LF:26
LH:0
BRDA:26,0,0,0
BRDA:39,1,0,0
BRDA:39,1,1,0
BRDA:42,2,0,0
BRDA:42,2,1,0
BRDA:44,3,0,0
BRDA:44,3,1,0
BRDA:44,4,0,0
BRDA:44,4,1,0
BRDA:50,5,0,0
BRDA:50,5,1,0
BRDA:51,6,0,0
BRDA:51,6,1,0
BRDA:76,7,0,0
BRDA:76,7,1,0
BRDA:88,8,0,0
BRDA:88,8,1,0
BRDA:90,9,0,0
BRDA:90,9,1,0
BRDA:110,10,0,0
BRDA:110,10,1,0
BRDA:111,11,0,0
BRDA:111,11,1,0
BRDA:123,12,0,0
BRDA:123,12,1,0
BRDA:123,12,2,0
BRDA:125,13,0,0
BRDA:125,13,1,0
BRDA:130,14,0,0
BRDA:130,14,1,0
BRF:30
BRH:0
end_of_record
TN:
SF:components\ImageButton.tsx
FN:13,CustomButton
FNF:1
FNH:0
FNDA:0,CustomButton
DA:14,0
LF:1
LH:0
BRF:0
BRH:0
end_of_record
TN:
SF:components\InputField.tsx
FN:14,InputField
FNF:1
FNH:0
FNDA:0,InputField
DA:15,0
DA:18,0
DA:19,0
DA:21,0
LF:4
LH:0
BRDA:18,0,0,0
BRDA:18,0,1,0
BRDA:19,1,0,0
BRDA:19,1,1,0
BRF:4
BRH:0
end_of_record
TN:
SF:components\LibraryVolunteerView.tsx
FN:32,VolunteerLibraryView
FN:53,(anonymous_1)
FN:57,(anonymous_2)
FN:72,(anonymous_3)
FN:77,(anonymous_4)
FN:78,(anonymous_5)
FNF:6
FNH:0
FNDA:0,VolunteerLibraryView
FNDA:0,(anonymous_1)
FNDA:0,(anonymous_2)
FNDA:0,(anonymous_3)
FNDA:0,(anonymous_4)
FNDA:0,(anonymous_5)
DA:35,0
DA:37,0
DA:38,0
DA:41,0
DA:54,0
DA:57,0
DA:73,0
DA:77,0
DA:78,0
DA:89,0
LF:10
LH:0
BRDA:37,0,0,0
BRDA:37,0,1,0
BRDA:50,1,0,0
BRDA:50,1,1,0
BRDA:65,2,0,0
BRDA:65,2,1,0
BRDA:69,3,0,0
BRDA:69,3,1,0
BRDA:78,4,0,0
BRDA:78,4,1,0
BRF:10
BRH:0
end_of_record
TN:
SF:components\ListBenevolesModal.tsx
FN:34,ListeBenevolesModal
FN:51,(anonymous_1)
FN:59,(anonymous_2)
FN:65,(anonymous_3)
FN:71,(anonymous_4)
FN:74,(anonymous_5)
FN:77,(anonymous_6)
FN:81,(anonymous_7)
FN:95,(anonymous_8)
FN:104,(anonymous_9)
FN:146,(anonymous_10)
FN:148,(anonymous_11)
FNF:12
FNH:0
FNDA:0,ListeBenevolesModal
FNDA:0,(anonymous_1)
FNDA:0,(anonymous_2)
FNDA:0,(anonymous_3)
FNDA:0,(anonymous_4)
FNDA:0,(anonymous_5)
FNDA:0,(anonymous_6)
FNDA:0,(anonymous_7)
FNDA:0,(anonymous_8)
FNDA:0,(anonymous_9)
FNDA:0,(anonymous_10)
FNDA:0,(anonymous_11)
DA:44,0
DA:45,0
DA:46,0
DA:51,0
DA:52,0
DA:59,0
DA:60,0
DA:61,0
DA:65,0
DA:66,0
DA:69,0
DA:71,0
DA:72,0
DA:74,0
DA:75,0
DA:77,0
DA:81,0
DA:82,0
DA:95,0
DA:104,0
DA:113,0
DA:146,0
DA:148,0
LF:23
LH:0
BRDA:72,0,0,0
BRDA:72,0,1,0
BRDA:72,1,0,0
BRDA:72,1,1,0
BRDA:89,2,0,0
BRDA:89,2,1,0
BRF:6
BRH:0
end_of_record
TN:
SF:components\MissionAdminAssosCard.tsx
FN:23,MissionAdminAssosCard
FN:54,(anonymous_1)
FNF:2
FNH:0
FNDA:0,MissionAdminAssosCard
FNDA:0,(anonymous_1)
DA:27,0
DA:28,0
DA:29,0
DA:30,0
DA:31,0
DA:35,0
DA:37,0
DA:54,0
LF:8
LH:0
BRDA:29,0,0,0
BRDA:29,0,1,0
BRDA:31,1,0,0
BRDA:31,1,1,0
BRDA:35,2,0,0
BRDA:35,2,1,0
BRF:6
BRH:0
end_of_record
TN:
SF:components\MissionVolunteerCard.tsx
FN:27,MissionVolunteerCard
FN:55,(anonymous_1)
FN:79,(anonymous_2)
FNF:3
FNH:0
FNDA:0,MissionVolunteerCard
FNDA:0,(anonymous_1)
FNDA:0,(anonymous_2)
DA:34,0
DA:35,0
DA:36,0
DA:37,0
DA:41,0
DA:43,0
DA:44,0
DA:45,0
DA:47,0
DA:48,0
DA:52,0
DA:56,0
DA:57,0
DA:59,0
DA:80,0
DA:81,0
DA:83,0
LF:17
LH:0
BRDA:30,0,0,0
BRDA:37,1,0,0
BRDA:37,1,1,0
BRDA:41,2,0,0
BRDA:41,2,1,0
BRDA:43,3,0,0
BRDA:43,3,1,0
BRDA:44,4,0,0
BRDA:44,4,1,0
BRDA:48,5,0,0
BRDA:48,5,1,0
BRDA:54,6,0,0
BRDA:54,6,1,0
BRDA:56,7,0,0
BRDA:56,7,1,0
BRDA:56,8,0,0
BRDA:56,8,1,0
BRDA:76,9,0,0
BRDA:76,9,1,0
BRDA:80,10,0,0
BRDA:80,10,1,0
BRDA:80,11,0,0
BRDA:80,11,1,0
BRDA:89,12,0,0
BRDA:89,12,1,0
BRF:25
BRH:0
end_of_record
TN:
SF:components\MissionVolunteerCardHorizontal.tsx
FN:29,MissionVolunteerCard
FN:64,(anonymous_1)
FN:86,(anonymous_2)
FNF:3
FNH:0
FNDA:0,MissionVolunteerCard
FNDA:0,(anonymous_1)
FNDA:0,(anonymous_2)
DA:36,0
DA:37,0
DA:38,0
DA:39,0
DA:43,0
DA:44,0
DA:45,0
DA:46,0
DA:48,0
DA:49,0
DA:53,0
DA:65,0
DA:66,0
DA:68,0
DA:87,0
DA:88,0
DA:90,0
LF:17
LH:0
BRDA:32,0,0,0
BRDA:39,1,0,0
BRDA:39,1,1,0
BRDA:43,2,0,0
BRDA:43,2,1,0
BRDA:44,3,0,0
BRDA:44,3,1,0
BRDA:45,4,0,0
BRDA:45,4,1,0
BRDA:49,5,0,0
BRDA:49,5,1,0
BRDA:58,6,0,0
BRDA:58,6,1,0
BRDA:65,7,0,0
BRDA:65,7,1,0
BRDA:65,8,0,0
BRDA:65,8,1,0
BRDA:83,9,0,0
BRDA:83,9,1,0
BRDA:87,10,0,0
BRDA:87,10,1,0
BRDA:87,11,0,0
BRDA:87,11,1,0
BRDA:96,12,0,0
BRDA:96,12,1,0
BRDA:111,13,0,0
BRDA:111,13,1,0
BRF:27
BRH:0
end_of_record
TN:
SF:components\MobileNavigationBar.tsx
FN:38,(anonymous_0)
FN:60,(anonymous_1)
FN:73,(anonymous_2)
FN:80,(anonymous_3)
FNF:4
FNH:0
FNDA:0,(anonymous_0)
FNDA:0,(anonymous_1)
FNDA:0,(anonymous_2)
FNDA:0,(anonymous_3)
DA:38,0
DA:39,0
DA:40,0
DA:41,0
DA:42,0
DA:44,0
DA:51,0
DA:58,0
DA:60,0
DA:61,0
DA:62,0
DA:64,0
DA:65,0
DA:68,0
DA:71,0
DA:74,0
DA:75,0
DA:76,0
DA:80,0
LF:19
LH:0
BRDA:58,0,0,0
BRDA:58,0,1,0
BRDA:64,1,0,0
BRDA:64,1,1,0
BRDA:64,2,0,0
BRDA:64,2,1,0
BRDA:68,3,0,0
BRDA:68,3,1,0
BRDA:74,4,0,0
BRDA:74,4,1,0
BRDA:86,5,0,0
BRDA:86,5,1,0
BRDA:89,6,0,0
BRDA:89,6,1,0
BRDA:91,7,0,0
BRDA:91,7,1,0
BRF:16
BRH:0
end_of_record
TN:
SF:components\MobileSearchBar.tsx
FN:42,MobileSearchBar
FN:64,(anonymous_1)
FN:95,(anonymous_2)
FN:97,(anonymous_3)
FN:100,(anonymous_4)
FN:104,(anonymous_5)
FN:112,(anonymous_6)
FN:121,(anonymous_7)
FN:131,(anonymous_8)
FN:140,(anonymous_9)
FN:141,(anonymous_10)
FN:149,(anonymous_11)
FN:205,(anonymous_12)
FN:228,(anonymous_13)
FN:236,(anonymous_14)
FN:240,(anonymous_15)
FN:251,(anonymous_16)
FN:258,(anonymous_17)
FN:292,(anonymous_18)
FNF:19
FNH:0
FNDA:0,MobileSearchBar
FNDA:0,(anonymous_1)
FNDA:0,(anonymous_2)
FNDA:0,(anonymous_3)
FNDA:0,(anonymous_4)
FNDA:0,(anonymous_5)
FNDA:0,(anonymous_6)
FNDA:0,(anonymous_7)
FNDA:0,(anonymous_8)
FNDA:0,(anonymous_9)
FNDA:0,(anonymous_10)
FNDA:0,(anonymous_11)
FNDA:0,(anonymous_12)
FNDA:0,(anonymous_13)
FNDA:0,(anonymous_14)
FNDA:0,(anonymous_15)
FNDA:0,(anonymous_16)
FNDA:0,(anonymous_17)
FNDA:0,(anonymous_18)
DA:47,0
DA:48,0
DA:51,0
DA:52,0
DA:53,0
DA:54,0
DA:57,0
DA:58,0
DA:61,0
DA:62,0
DA:64,0
DA:65,0
DA:66,0
DA:67,0
DA:68,0
DA:71,0
DA:72,0
DA:73,0
DA:76,0
DA:77,0
DA:78,0
DA:79,0
DA:82,0
DA:83,0
DA:85,0
DA:86,0
DA:88,0
DA:89,0
DA:93,0
DA:95,0
DA:96,0
DA:97,0
DA:98,0
DA:100,0
DA:104,0
DA:105,0
DA:106,0
DA:107,0
DA:108,0
DA:109,0
DA:112,0
DA:113,0
DA:114,0
DA:121,0
DA:122,0
DA:123,0
DA:124,0
DA:125,0
DA:126,0
DA:127,0
DA:128,0
DA:131,0
DA:132,0
DA:133,0
DA:135,0
DA:136,0
DA:140,0
DA:141,0
DA:144,0
DA:151,0
DA:153,0
DA:155,0
DA:205,0
DA:229,0
DA:230,0
DA:237,0
DA:240,0
DA:252,0
DA:258,0
DA:292,0
DA:324,0
LF:71
LH:0
BRDA:52,0,0,0
BRDA:52,0,1,0
BRDA:62,1,0,0
BRDA:62,1,1,0
BRDA:65,2,0,0
BRDA:65,2,1,0
BRDA:67,3,0,0
BRDA:67,3,1,0
BRDA:71,4,0,0
BRDA:71,4,1,0
BRDA:71,5,0,0
BRDA:71,5,1,0
BRDA:78,6,0,0
BRDA:78,6,1,0
BRDA:82,7,0,0
BRDA:82,7,1,0
BRDA:96,8,0,0
BRDA:96,8,1,0
BRDA:96,9,0,0
BRDA:96,9,1,0
BRDA:106,10,0,0
BRDA:106,10,1,0
BRDA:106,11,0,0
BRDA:106,11,1,0
BRDA:132,12,0,0
BRDA:132,12,1,0
BRDA:135,13,0,0
BRDA:135,13,1,0
BRDA:151,14,0,0
BRDA:151,14,1,0
BRDA:151,15,0,0
BRDA:151,15,1,0
BRDA:178,16,0,0
BRDA:178,16,1,0
BRDA:178,16,2,0
BRDA:181,17,0,0
BRDA:181,17,1,0
BRDA:181,18,0,0
BRDA:181,18,1,0
BRDA:185,19,0,0
BRDA:185,19,1,0
BRDA:190,20,0,0
BRDA:190,20,1,0
BRDA:193,21,0,0
BRDA:193,21,1,0
BRDA:212,22,0,0
BRDA:212,22,1,0
BRDA:214,23,0,0
BRDA:214,23,1,0
BRDA:234,24,0,0
BRDA:234,24,1,0
BRDA:242,25,0,0
BRDA:242,25,1,0
BRDA:256,26,0,0
BRDA:256,26,1,0
BRDA:258,27,0,0
BRDA:258,27,1,0
BRDA:273,28,0,0
BRDA:273,28,1,0
BRDA:273,29,0,0
BRDA:273,29,1,0
BRDA:278,30,0,0
BRDA:278,30,1,0
BRDA:282,31,0,0
BRDA:282,31,1,0
BRDA:284,32,0,0
BRDA:284,32,1,0
BRDA:288,33,0,0
BRDA:288,33,1,0
BRDA:290,34,0,0
BRDA:290,34,1,0
BRDA:336,35,0,0
BRDA:336,35,1,0
BRF:73
BRH:0
end_of_record
TN:
SF:components\NearbyMissionCard.tsx
FN:18,NearbyMissionCard
FN:37,(anonymous_1)
FN:45,(anonymous_2)
FN:65,(anonymous_3)
FNF:4
FNH:0
FNDA:0,NearbyMissionCard
FNDA:0,(anonymous_1)
FNDA:0,(anonymous_2)
FNDA:0,(anonymous_3)
DA:25,0
DA:26,0
DA:28,0
DA:30,0
DA:31,0
DA:32,0
DA:35,0
DA:37,0
DA:38,0
DA:39,0
DA:43,0
DA:46,0
DA:47,0
DA:66,0
DA:67,0
LF:15
LH:0
BRDA:23,0,0,0
BRDA:26,1,0,0
BRDA:26,1,1,0
BRDA:30,2,0,0
BRDA:30,2,1,0
BRDA:31,3,0,0
BRDA:31,3,1,0
BRDA:35,4,0,0
BRDA:35,4,1,0
BRDA:38,5,0,0
BRDA:38,5,1,0
BRDA:38,6,0,0
BRDA:38,6,1,0
BRDA:62,7,0,0
BRDA:62,7,1,0
BRDA:73,8,0,0
BRDA:73,8,1,0
BRDA:111,9,0,0
BRDA:111,9,1,0
BRF:19
BRH:0
end_of_record
TN:
SF:components\ProfilCard.tsx
FN:49,(anonymous_0)
FN:50,(anonymous_1)
FN:51,(anonymous_2)
FN:66,ProfilCard
FN:77,(anonymous_4)
FN:130,(anonymous_5)
FN:137,(anonymous_6)
FN:142,(anonymous_7)
FN:144,(anonymous_8)
FN:147,(anonymous_9)
FN:165,(anonymous_10)
FN:169,(anonymous_11)
FN:176,(anonymous_12)
FN:308,(anonymous_13)
FN:311,(anonymous_14)
FN:319,(anonymous_15)
FN:322,(anonymous_16)
FN:330,(anonymous_17)
FN:333,(anonymous_18)
FN:336,(anonymous_19)
FN:339,(anonymous_20)
FN:343,(anonymous_21)
FN:346,(anonymous_22)
FN:354,(anonymous_23)
FN:357,(anonymous_24)
FN:360,(anonymous_25)
FN:363,(anonymous_26)
FN:370,(anonymous_27)
FN:371,(anonymous_28)
FN:395,(anonymous_29)
FNF:30
FNH:0
FNDA:0,(anonymous_0)
FNDA:0,(anonymous_1)
FNDA:0,(anonymous_2)
FNDA:0,ProfilCard
FNDA:0,(anonymous_4)
FNDA:0,(anonymous_5)
FNDA:0,(anonymous_6)
FNDA:0,(anonymous_7)
FNDA:0,(anonymous_8)
FNDA:0,(anonymous_9)
FNDA:0,(anonymous_10)
FNDA:0,(anonymous_11)
FNDA:0,(anonymous_12)
FNDA:0,(anonymous_13)
FNDA:0,(anonymous_14)
FNDA:0,(anonymous_15)
FNDA:0,(anonymous_16)
FNDA:0,(anonymous_17)
FNDA:0,(anonymous_18)
FNDA:0,(anonymous_19)
FNDA:0,(anonymous_20)
FNDA:0,(anonymous_21)
FNDA:0,(anonymous_22)
FNDA:0,(anonymous_23)
FNDA:0,(anonymous_24)
FNDA:0,(anonymous_25)
FNDA:0,(anonymous_26)
FNDA:0,(anonymous_27)
FNDA:0,(anonymous_28)
FNDA:0,(anonymous_29)
DA:47,0
DA:49,0
DA:50,0
DA:51,0
DA:72,0
DA:73,0
DA:74,0
DA:75,0
DA:77,0
DA:78,0
DA:80,0
DA:95,0
DA:106,0
DA:115,0
DA:123,0
DA:126,0
DA:128,0
DA:130,0
DA:132,0
DA:133,0
DA:137,0
DA:138,0
DA:139,0
DA:142,0
DA:144,0
DA:147,0
DA:149,0
DA:151,0
DA:152,0
DA:153,0
DA:157,0
DA:164,0
DA:165,0
DA:169,0
DA:171,0
DA:172,0
DA:173,0
DA:176,0
DA:177,0
DA:178,0
DA:179,0
DA:181,0
DA:182,0
DA:184,0
DA:185,0
DA:186,0
DA:188,0
DA:189,0
DA:192,0
DA:193,0
DA:196,0
DA:199,0
DA:201,0
DA:203,0
DA:204,0
DA:206,0
DA:207,0
DA:209,0
DA:210,0
DA:211,0
DA:213,0
DA:214,0
DA:215,0
DA:217,0
DA:218,0
DA:219,0
DA:222,0
DA:236,0
DA:238,0
DA:239,0
DA:241,0
DA:242,0
DA:245,0
DA:253,0
DA:255,0
DA:256,0
DA:258,0
DA:259,0
DA:261,0
DA:262,0
DA:263,0
DA:265,0
DA:276,0
DA:277,0
DA:278,0
DA:279,0
DA:280,0
DA:284,0
DA:285,0
DA:289,0
DA:308,0
DA:311,0
DA:322,0
DA:330,0
DA:333,0
DA:336,0
DA:339,0
DA:343,0
DA:346,0
DA:354,0
DA:357,0
DA:360,0
DA:363,0
DA:370,0
DA:371,0
DA:395,0
DA:396,0
DA:397,0
DA:399,0
DA:400,0
DA:403,0
LF:111
LH:0
BRDA:73,0,0,0
BRDA:73,0,1,0
BRDA:78,1,0,0
BRDA:78,1,1,0
BRDA:78,1,2,0
BRDA:78,1,3,0
BRDA:139,2,0,0
BRDA:139,2,1,0
BRDA:151,3,0,0
BRDA:151,3,1,0
BRDA:164,4,0,0
BRDA:164,4,1,0
BRDA:164,5,0,0
BRDA:164,5,1,0
BRDA:181,6,0,0
BRDA:181,6,1,0
BRDA:184,7,0,0
BRDA:184,7,1,0
BRDA:185,8,0,0
BRDA:185,8,1,0
BRDA:186,9,0,0
BRDA:186,9,1,0
BRDA:188,10,0,0
BRDA:188,10,1,0
BRDA:192,11,0,0
BRDA:192,11,1,0
BRDA:201,12,0,0
BRDA:201,12,1,0
BRDA:203,13,0,0
BRDA:203,13,1,0
BRDA:203,14,0,0
BRDA:203,14,1,0
BRDA:203,14,2,0
BRDA:203,14,3,0
BRDA:203,14,4,0
BRDA:206,15,0,0
BRDA:206,15,1,0
BRDA:210,16,0,0
BRDA:210,16,1,0
BRDA:214,17,0,0
BRDA:214,17,1,0
BRDA:218,18,0,0
BRDA:218,18,1,0
BRDA:229,19,0,0
BRDA:229,19,1,0
BRDA:230,20,0,0
BRDA:230,20,1,0
BRDA:231,21,0,0
BRDA:231,21,1,0
BRDA:232,22,0,0
BRDA:232,22,1,0
BRDA:236,23,0,0
BRDA:236,23,1,0
BRDA:238,24,0,0
BRDA:238,24,1,0
BRDA:238,25,0,0
BRDA:238,25,1,0
BRDA:238,25,2,0
BRDA:241,26,0,0
BRDA:241,26,1,0
BRDA:253,27,0,0
BRDA:253,27,1,0
BRDA:255,28,0,0
BRDA:255,28,1,0
BRDA:255,29,0,0
BRDA:255,29,1,0
BRDA:255,29,2,0
BRDA:255,29,3,0
BRDA:255,29,4,0
BRDA:258,30,0,0
BRDA:258,30,1,0
BRDA:262,31,0,0
BRDA:262,31,1,0
BRDA:271,32,0,0
BRDA:271,32,1,0
BRDA:276,33,0,0
BRDA:276,33,1,0
BRDA:276,34,0,0
BRDA:276,34,1,0
BRDA:297,35,0,0
BRDA:297,35,1,0
BRDA:298,36,0,0
BRDA:298,36,1,0
BRDA:299,37,0,0
BRDA:299,37,1,0
BRDA:305,38,0,0
BRDA:305,38,1,0
BRDA:305,38,2,0
BRDA:307,39,0,0
BRDA:307,39,1,0
BRDA:307,39,2,0
BRDA:307,39,3,0
BRDA:310,40,0,0
BRDA:310,40,1,0
BRDA:310,40,2,0
BRDA:310,40,3,0
BRDA:316,41,0,0
BRDA:316,41,1,0
BRDA:316,41,2,0
BRDA:316,41,3,0
BRDA:318,42,0,0
BRDA:318,42,1,0
BRDA:321,43,0,0
BRDA:321,43,1,0
BRDA:321,43,2,0
BRDA:321,43,3,0
BRDA:327,44,0,0
BRDA:327,44,1,0
BRDA:329,45,0,0
BRDA:329,45,1,0
BRDA:329,45,2,0
BRDA:329,45,3,0
BRDA:332,46,0,0
BRDA:332,46,1,0
BRDA:332,46,2,0
BRDA:332,46,3,0
BRDA:335,47,0,0
BRDA:335,47,1,0
BRDA:335,47,2,0
BRDA:335,47,3,0
BRDA:338,48,0,0
BRDA:338,48,1,0
BRDA:338,48,2,0
BRDA:338,48,3,0
BRDA:342,49,0,0
BRDA:342,49,1,0
BRDA:342,49,2,0
BRDA:342,49,3,0
BRDA:345,50,0,0
BRDA:345,50,1,0
BRDA:345,50,2,0
BRDA:345,50,3,0
BRDA:351,51,0,0
BRDA:351,51,1,0
BRDA:353,52,0,0
BRDA:353,52,1,0
BRDA:353,52,2,0
BRDA:353,52,3,0
BRDA:356,53,0,0
BRDA:356,53,1,0
BRDA:356,53,2,0
BRDA:356,53,3,0
BRDA:359,54,0,0
BRDA:359,54,1,0
BRDA:359,54,2,0
BRDA:359,54,3,0
BRDA:362,55,0,0
BRDA:362,55,1,0
BRDA:362,55,2,0
BRDA:362,55,3,0
BRDA:368,56,0,0
BRDA:368,56,1,0
BRDA:370,57,0,0
BRDA:370,57,1,0
BRDA:371,58,0,0
BRDA:371,58,1,0
BRDA:376,59,0,0
BRDA:376,59,1,0
BRDA:396,60,0,0
BRDA:396,60,1,0
BRDA:399,61,0,0
BRDA:399,61,1,0
BRDA:399,62,0,0
BRDA:399,62,1,0
BRDA:408,63,0,0
BRDA:408,63,1,0
BRDA:408,63,2,0
BRDA:412,64,0,0
BRDA:412,64,1,0
BRDA:416,65,0,0
BRDA:416,65,1,0
BRDA:421,66,0,0
BRDA:421,66,1,0
BRDA:424,67,0,0
BRDA:424,67,1,0
BRDA:427,68,0,0
BRDA:427,68,1,0
BRF:177
BRH:0
end_of_record
TN:
SF:components\ProfilPicture.tsx
FN:13,ProfilePicture
FNF:1
FNH:0
FNDA:0,ProfilePicture
DA:14,0
DA:24,0
LF:2
LH:0
BRDA:13,0,0,0
BRF:1
BRH:0
end_of_record
TN:
SF:components\SearchBar.tsx
FN:34,SearchBar
FN:54,(anonymous_1)
FN:55,(anonymous_2)
FN:66,resetAll
FN:77,(anonymous_4)
FN:86,(anonymous_5)
FN:107,(anonymous_6)
FN:113,(anonymous_7)
FN:118,(anonymous_8)
FN:126,(anonymous_9)
FN:132,(anonymous_10)
FN:175,(anonymous_11)
FN:187,(anonymous_12)
FN:188,(anonymous_13)
FN:191,(anonymous_14)
FN:222,(anonymous_15)
FN:224,(anonymous_16)
FN:227,(anonymous_17)
FNF:18
FNH:0
FNDA:0,SearchBar
FNDA:0,(anonymous_1)
FNDA:0,(anonymous_2)
FNDA:0,resetAll
FNDA:0,(anonymous_4)
FNDA:0,(anonymous_5)
FNDA:0,(anonymous_6)
FNDA:0,(anonymous_7)
FNDA:0,(anonymous_8)
FNDA:0,(anonymous_9)
FNDA:0,(anonymous_10)
FNDA:0,(anonymous_11)
FNDA:0,(anonymous_12)
FNDA:0,(anonymous_13)
FNDA:0,(anonymous_14)
FNDA:0,(anonymous_15)
FNDA:0,(anonymous_16)
FNDA:0,(anonymous_17)
DA:39,0
DA:40,0
DA:41,0
DA:42,0
DA:44,0
DA:47,0
DA:48,0
DA:49,0
DA:50,0
DA:52,0
DA:54,0
DA:55,0
DA:56,0
DA:67,0
DA:68,0
DA:69,0
DA:70,0
DA:71,0
DA:72,0
DA:73,0
DA:74,0
DA:77,0
DA:78,0
DA:79,0
DA:80,0
DA:83,0
DA:84,0
DA:85,0
DA:86,0
DA:88,0
DA:92,0
DA:94,0
DA:95,0
DA:97,0
DA:98,0
DA:100,0
DA:101,0
DA:103,0
DA:107,0
DA:108,0
DA:109,0
DA:112,0
DA:113,0
DA:114,0
DA:118,0
DA:119,0
DA:120,0
DA:121,0
DA:122,0
DA:123,0
DA:126,0
DA:127,0
DA:128,0
DA:132,0
DA:133,0
DA:134,0
DA:136,0
DA:137,0
DA:138,0
DA:139,0
DA:140,0
DA:141,0
DA:143,0
DA:147,0
DA:152,0
DA:159,0
DA:175,0
DA:187,0
DA:189,0
DA:191,0
DA:222,0
DA:225,0
DA:227,0
LF:73
LH:0
BRDA:35,0,0,0
BRDA:56,1,0,0
BRDA:56,1,1,0
BRDA:78,2,0,0
BRDA:78,2,1,0
BRDA:94,3,0,0
BRDA:94,3,1,0
BRDA:98,4,0,0
BRDA:98,4,1,0
BRDA:112,5,0,0
BRDA:112,5,1,0
BRDA:123,6,0,0
BRDA:123,6,1,0
BRDA:134,7,0,0
BRDA:134,7,1,0
BRDA:137,8,0,0
BRDA:137,8,1,0
BRDA:143,9,0,0
BRDA:143,9,1,0
BRDA:143,10,0,0
BRDA:143,10,1,0
BRDA:143,10,2,0
BRDA:143,10,3,0
BRDA:153,11,0,0
BRDA:153,11,1,0
BRDA:177,12,0,0
BRDA:177,12,1,0
BRDA:178,13,0,0
BRDA:178,13,1,0
BRDA:183,14,0,0
BRDA:183,14,1,0
BRDA:195,15,0,0
BRDA:195,15,1,0
BRDA:197,16,0,0
BRDA:197,16,1,0
BRDA:215,17,0,0
BRDA:215,17,1,0
BRDA:218,18,0,0
BRDA:218,18,1,0
BRF:39
BRH:0
end_of_record
TN:
SF:components\SideBar.tsx
FN:25,(anonymous_0)
FN:55,SidebarButton
FN:76,Sidebar
FN:87,(anonymous_3)
FN:144,(anonymous_4)
FN:153,(anonymous_5)
FN:168,(anonymous_6)
FN:205,(anonymous_7)
FN:211,(anonymous_8)
FN:220,(anonymous_9)
FN:226,(anonymous_10)
FNF:11
FNH:0
FNDA:0,(anonymous_0)
FNDA:0,SidebarButton
FNDA:0,Sidebar
FNDA:0,(anonymous_3)
FNDA:0,(anonymous_4)
FNDA:0,(anonymous_5)
FNDA:0,(anonymous_6)
FNDA:0,(anonymous_7)
FNDA:0,(anonymous_8)
FNDA:0,(anonymous_9)
FNDA:0,(anonymous_10)
DA:17,0
DA:25,0
DA:26,0
DA:27,0
DA:28,0
DA:30,0
DA:56,0
DA:57,0
DA:59,0
DA:77,0
DA:78,0
DA:79,0
DA:80,0
DA:81,0
DA:82,0
DA:84,0
DA:87,0
DA:88,0
DA:92,0
DA:98,0
DA:125,0
DA:126,0
DA:127,0
DA:128,0
DA:130,0
DA:135,0
DA:140,0
DA:144,0
DA:145,0
DA:146,0
DA:147,0
DA:149,0
DA:150,0
DA:153,0
DA:154,0
DA:155,0
DA:156,0
DA:157,0
DA:159,0
DA:160,0
DA:163,0
DA:168,0
DA:206,0
DA:211,0
DA:221,0
DA:226,0
LF:46
LH:0
BRDA:26,0,0,0
BRDA:26,0,1,0
BRDA:27,1,0,0
BRDA:27,1,1,0
BRDA:27,2,0,0
BRDA:27,2,1,0
BRDA:27,2,2,0
BRDA:55,3,0,0
BRDA:62,4,0,0
BRDA:62,4,1,0
BRDA:92,5,0,0
BRDA:92,5,1,0
BRDA:94,6,0,0
BRDA:94,6,1,0
BRDA:126,7,0,0
BRDA:126,7,1,0
BRDA:127,8,0,0
BRDA:127,8,1,0
BRDA:128,9,0,0
BRDA:128,9,1,0
BRDA:140,10,0,0
BRDA:140,10,1,0
BRDA:145,11,0,0
BRDA:145,11,1,0
BRDA:150,12,0,0
BRDA:150,12,1,0
BRDA:154,13,0,0
BRDA:154,13,1,0
BRDA:159,14,0,0
BRDA:159,14,1,0
BRDA:166,15,0,0
BRDA:166,15,1,0
BRDA:171,16,0,0
BRDA:171,16,1,0
BRDA:177,17,0,0
BRDA:177,17,1,0
BRDA:181,18,0,0
BRDA:181,18,1,0
BRDA:218,19,0,0
BRDA:218,19,1,0
BRF:40
BRH:0
end_of_record
TN:
SF:components\SwitchButton.tsx
FN:42,SwitchButton
FN:103,(anonymous_1)
FN:119,(anonymous_2)
FN:125,(anonymous_3)
FN:143,(anonymous_4)
FN:154,(anonymous_5)
FNF:6
FNH:0
FNDA:0,SwitchButton
FNDA:0,(anonymous_1)
FNDA:0,(anonymous_2)
FNDA:0,(anonymous_3)
FNDA:0,(anonymous_4)
FNDA:0,(anonymous_5)
DA:54,0
DA:87,0
DA:89,0
DA:90,0
DA:93,0
DA:94,0
DA:96,0
DA:97,0
DA:98,0
DA:101,0
DA:103,0
DA:104,0
DA:105,0
DA:108,0
DA:109,0
DA:110,0
DA:111,0
DA:112,0
DA:114,0
DA:119,0
DA:125,0
DA:126,0
DA:127,0
DA:129,0
DA:136,0
DA:143,0
DA:154,0
LF:27
LH:0
BRDA:43,0,0,0
BRDA:87,1,0,0
BRDA:87,1,1,0
BRDA:89,2,0,0
BRDA:89,2,1,0
BRDA:90,3,0,0
BRDA:90,3,1,0
BRDA:93,4,0,0
BRDA:93,4,1,0
BRDA:94,5,0,0
BRDA:94,5,1,0
BRDA:96,6,0,0
BRDA:96,6,1,0
BRDA:101,7,0,0
BRDA:101,7,1,0
BRDA:104,8,0,0
BRDA:104,8,1,0
BRDA:108,9,0,0
BRDA:108,9,1,0
BRDA:110,10,0,0
BRDA:110,10,1,0
BRDA:110,11,0,0
BRDA:110,11,1,0
BRDA:112,12,0,0
BRDA:112,12,1,0
BRDA:120,13,0,0
BRDA:120,13,1,0
BRDA:121,14,0,0
BRDA:121,14,1,0
BRDA:122,15,0,0
BRDA:122,15,1,0
BRDA:127,16,0,0
BRDA:127,16,1,0
BRF:33
BRH:0
end_of_record
TN:
SF:components\ThemedText.tsx
FN:9,(anonymous_0)
FNF:1
FNH:0
FNDA:0,(anonymous_0)
DA:9,0
DA:10,0
DA:11,0
DA:14,0
DA:17,0
DA:20,0
DA:23,0
DA:26,0
DA:28,0
DA:29,0
DA:32,0
DA:35,0
DA:41,0
LF:13
LH:0
BRDA:14,0,0,0
BRDA:14,0,1,0
BRDA:17,1,0,0
BRDA:17,1,1,0
BRDA:26,2,0,0
BRDA:26,2,1,0
BRDA:29,3,0,0
BRDA:29,3,1,0
BRDA:29,3,2,0
BRDA:29,3,3,0
BRDA:32,4,0,0
BRDA:32,4,1,0
BRDA:32,5,0,0
BRDA:32,5,1,0
BRF:14
BRH:0
end_of_record
TN:
SF:components\footer.tsx
FN:24,(anonymous_0)
FN:32,(anonymous_1)
FN:33,(anonymous_2)
FN:48,Footer
FN:62,(anonymous_4)
FN:63,(anonymous_5)
FN:64,(anonymous_6)
FN:65,(anonymous_7)
FN:73,(anonymous_8)
FN:74,(anonymous_9)
FN:75,(anonymous_10)
FN:76,(anonymous_11)
FNF:12
FNH:0
FNDA:0,(anonymous_0)
FNDA:0,(anonymous_1)
FNDA:0,(anonymous_2)
FNDA:0,Footer
FNDA:0,(anonymous_4)
FNDA:0,(anonymous_5)
FNDA:0,(anonymous_6)
FNDA:0,(anonymous_7)
FNDA:0,(anonymous_8)
FNDA:0,(anonymous_9)
FNDA:0,(anonymous_10)
FNDA:0,(anonymous_11)
DA:24,0
DA:25,0
DA:27,0
DA:32,0
DA:33,0
DA:49,0
DA:50,0
DA:51,0
DA:52,0
DA:54,0
DA:62,0
DA:63,0
DA:64,0
DA:65,0
DA:73,0
DA:74,0
DA:75,0
DA:76,0
LF:18
LH:0
BRDA:31,0,0,0
BRDA:31,0,1,0
BRDA:36,1,0,0
BRDA:36,1,1,0
BRDA:56,2,0,0
BRDA:56,2,1,0
BRF:6
BRH:0
end_of_record
TN:
SF:context\AuthContext.tsx
FN:66,(anonymous_0)
FN:75,(anonymous_1)
FN:83,(anonymous_2)
FN:101,(anonymous_3)
FN:212,(anonymous_4)
FN:272,(anonymous_5)
FN:289,(anonymous_6)
FN:290,(anonymous_7)
FNF:8
FNH:0
FNDA:0,(anonymous_0)
FNDA:0,(anonymous_1)
FNDA:0,(anonymous_2)
FNDA:0,(anonymous_3)
FNDA:0,(anonymous_4)
FNDA:0,(anonymous_5)
FNDA:0,(anonymous_6)
FNDA:0,(anonymous_7)
DA:15,0
DA:16,0
DA:18,0
DA:19,0
DA:64,0
DA:66,0
DA:67,0
DA:68,0
DA:69,0
DA:75,0
DA:76,0
DA:77,0
DA:78,0
DA:83,0
DA:84,0
DA:85,0
DA:86,0
DA:87,0
DA:88,0
DA:89,0
DA:90,0
DA:92,0
DA:94,0
DA:101,0
DA:102,0
DA:104,0
DA:107,0
DA:108,0
DA:109,0
DA:137,0
DA:138,0
DA:165,0
DA:167,0
DA:169,0
DA:196,0
DA:197,0
DA:206,0
DA:212,0
DA:213,0
DA:214,0
DA:216,0
DA:217,0
DA:222,0
DA:223,0
DA:224,0
DA:225,0
DA:228,0
DA:231,0
DA:233,0
DA:234,0
DA:236,0
DA:237,0
DA:239,0
DA:240,0
DA:241,0
DA:246,0
DA:250,0
DA:252,0
DA:253,0
DA:255,0
DA:256,0
DA:257,0
DA:258,0
DA:259,0
DA:260,0
DA:264,0
DA:271,0
DA:273,0
DA:274,0
DA:275,0
DA:276,0
DA:278,0
DA:279,0
DA:280,0
DA:289,0
DA:290,0
DA:291,0
DA:292,0
DA:293,0
DA:294,0
DA:299,0
DA:300,0
DA:301,0
DA:306,0
DA:307,0
DA:313,0
DA:315,0
DA:316,0
DA:317,0
DA:319,0
DA:323,0
DA:329,0
LF:92
LH:0
BRDA:68,0,0,0
BRDA:68,0,1,0
BRDA:102,1,0,0
BRDA:102,1,1,0
BRDA:104,2,0,0
BRDA:104,2,1,0
BRDA:107,3,0,0
BRDA:107,3,1,0
BRDA:107,4,0,0
BRDA:107,4,1,0
BRDA:110,5,0,0
BRDA:110,5,1,0
BRDA:110,5,2,0
BRDA:110,5,3,0
BRDA:110,5,4,0
BRDA:111,6,0,0
BRDA:111,6,1,0
BRDA:112,7,0,0
BRDA:112,7,1,0
BRDA:137,8,0,0
BRDA:137,8,1,0
BRDA:165,9,0,0
BRDA:165,9,1,0
BRDA:165,10,0,0
BRDA:165,10,1,0
BRDA:165,10,2,0
BRDA:167,11,0,0
BRDA:167,11,1,0
BRDA:167,12,0,0
BRDA:167,12,1,0
BRDA:171,13,0,0
BRDA:171,13,1,0
BRDA:172,14,0,0
BRDA:172,14,1,0
BRDA:196,15,0,0
BRDA:196,15,1,0
BRDA:196,16,0,0
BRDA:196,16,1,0
BRDA:198,17,0,0
BRDA:198,17,1,0
BRDA:198,17,2,0
BRDA:199,18,0,0
BRDA:199,18,1,0
BRDA:199,18,2,0
BRDA:200,19,0,0
BRDA:200,19,1,0
BRDA:201,20,0,0
BRDA:201,20,1,0
BRDA:219,21,0,0
BRDA:219,21,1,0
BRDA:222,22,0,0
BRDA:222,22,1,0
BRDA:231,23,0,0
BRDA:231,23,1,0
BRDA:233,24,0,0
BRDA:233,24,1,0
BRDA:237,25,0,0
BRDA:237,25,1,0
BRDA:252,26,0,0
BRDA:252,26,1,0
BRDA:256,27,0,0
BRDA:256,27,1,0
BRDA:296,28,0,0
BRDA:296,28,1,0
BRDA:299,29,0,0
BRDA:299,29,1,0
BRDA:299,30,0,0
BRDA:299,30,1,0
BRDA:299,30,2,0
BRDA:309,31,0,0
BRDA:309,31,1,0
BRF:71
BRH:0
end_of_record
TN:
SF:context\LanguageContext.tsx
FN:23,(anonymous_0)
FN:28,(anonymous_1)
FN:38,(anonymous_2)
FN:61,(anonymous_3)
FNF:4
FNH:0
FNDA:0,(anonymous_0)
FNDA:0,(anonymous_1)
FNDA:0,(anonymous_2)
FNDA:0,(anonymous_3)
DA:21,0
DA:23,0
DA:24,0
DA:25,0
DA:26,0
DA:28,0
DA:29,0
DA:30,0
DA:31,0
DA:32,0
DA:35,0
DA:38,0
DA:39,0
DA:40,0
DA:41,0
DA:45,0
DA:46,0
DA:48,0
DA:61,0
DA:62,0
DA:63,0
DA:64,0
DA:66,0
LF:23
LH:0
BRDA:29,0,0,0
BRDA:29,0,1,0
BRDA:30,1,0,0
BRDA:30,1,1,0
BRDA:45,2,0,0
BRDA:45,2,1,0
BRDA:46,3,0,0
BRDA:46,3,1,0
BRDA:63,4,0,0
BRDA:63,4,1,0
BRF:10
BRH:0
end_of_record
TN:
SF:context\ThemeContext.tsx
FN:36,(anonymous_0)
FN:39,(anonymous_1)
FN:40,(anonymous_2)
FN:54,(anonymous_3)
FNF:4
FNH:0
FNDA:0,(anonymous_0)
FNDA:0,(anonymous_1)
FNDA:0,(anonymous_2)
FNDA:0,(anonymous_3)
DA:5,0
DA:34,0
DA:36,0
DA:37,0
DA:39,0
DA:40,0
DA:43,0
DA:45,0
DA:54,0
DA:55,0
DA:56,0
DA:57,0
DA:59,0
LF:13
LH:0
BRDA:43,0,0,0
BRDA:43,0,1,0
BRDA:48,1,0,0
BRDA:48,1,1,0
BRDA:56,2,0,0
BRDA:56,2,1,0
BRF:6
BRH:0
end_of_record
TN:
SF:services\adminService.ts
FN:32,handleApiError
FN:52,(anonymous_1)
FN:63,(anonymous_2)
FN:76,(anonymous_3)
FN:87,(anonymous_4)
FN:99,(anonymous_5)
FN:111,(anonymous_6)
FN:132,(anonymous_7)
FN:148,(anonymous_8)
FN:161,(anonymous_9)
FN:177,(anonymous_10)
FN:199,(anonymous_11)
FN:216,(anonymous_12)
FN:227,(anonymous_13)
FN:237,(anonymous_14)
FN:248,(anonymous_15)
FN:257,(anonymous_16)
FN:298,(anonymous_17)
FN:304,(anonymous_18)
FN:314,(anonymous_19)
FNF:20
FNH:0
FNDA:0,handleApiError
FNDA:0,(anonymous_1)
FNDA:0,(anonymous_2)
FNDA:0,(anonymous_3)
FNDA:0,(anonymous_4)
FNDA:0,(anonymous_5)
FNDA:0,(anonymous_6)
FNDA:0,(anonymous_7)
FNDA:0,(anonymous_8)
FNDA:0,(anonymous_9)
FNDA:0,(anonymous_10)
FNDA:0,(anonymous_11)
FNDA:0,(anonymous_12)
FNDA:0,(anonymous_13)
FNDA:0,(anonymous_14)
FNDA:0,(anonymous_15)
FNDA:0,(anonymous_16)
FNDA:0,(anonymous_17)
FNDA:0,(anonymous_18)
FNDA:0,(anonymous_19)
DA:33,0
DA:36,0
DA:41,0
DA:42,0
DA:44,0
DA:49,0
DA:53,0
DA:54,0
DA:55,0
DA:57,0
DA:64,0
DA:65,0
DA:66,0
DA:68,0
DA:77,0
DA:78,0
DA:81,0
DA:83,0
DA:88,0
DA:89,0
DA:92,0
DA:94,0
DA:100,0
DA:101,0
DA:104,0
DA:106,0
DA:115,0
DA:116,0
DA:117,0
DA:121,0
DA:123,0
DA:133,0
DA:134,0
DA:137,0
DA:139,0
DA:149,0
DA:150,0
DA:151,0
DA:154,0
DA:156,0
DA:165,0
DA:166,0
DA:170,0
DA:172,0
DA:178,0
DA:179,0
DA:184,0
DA:185,0
DA:188,0
DA:190,0
DA:200,0
DA:201,0
DA:205,0
DA:206,0
DA:209,0
DA:211,0
DA:217,0
DA:218,0
DA:223,0
DA:224,0
DA:227,0
DA:232,0
DA:238,0
DA:239,0
DA:244,0
DA:245,0
DA:248,0
DA:253,0
DA:268,0
DA:269,0
DA:275,0
DA:285,0
DA:286,0
DA:299,0
DA:300,0
DA:307,0
DA:310,0
DA:317,0
DA:320,0
LF:79
LH:0
BRDA:33,0,0,0
BRDA:33,0,1,0
BRDA:36,1,0,0
BRDA:36,1,1,0
BRDA:36,1,2,0
BRDA:36,1,3,0
BRDA:76,2,0,0
BRDA:76,3,0,0
BRDA:87,4,0,0
BRDA:87,5,0,0
BRDA:116,6,0,0
BRDA:116,6,1,0
BRDA:148,7,0,0
BRDA:150,8,0,0
BRDA:150,9,0,0
BRDA:184,10,0,0
BRDA:184,10,1,0
BRDA:205,11,0,0
BRDA:205,11,1,0
BRDA:216,12,0,0
BRDA:223,13,0,0
BRDA:223,13,1,0
BRDA:237,14,0,0
BRDA:244,15,0,0
BRDA:244,15,1,0
BRDA:258,16,0,0
BRDA:281,17,0,0
BRDA:281,17,1,0
BRDA:282,18,0,0
BRDA:282,18,1,0
BRF:30
BRH:0
end_of_record
TN:
SF:services\api.ts
FN:9,(anonymous_0)
FN:47,subscribeTokenRefresh
FN:56,onRefreshed
FN:57,(anonymous_3)
FN:61,onRefreshFailed
FN:62,(anonymous_5)
FN:67,(anonymous_6)
FN:73,(anonymous_7)
FN:77,(anonymous_8)
FN:78,(anonymous_9)
FN:96,(anonymous_10)
FN:98,(anonymous_11)
FNF:12
FNH:0
FNDA:0,(anonymous_0)
FNDA:0,subscribeTokenRefresh
FNDA:0,onRefreshed
FNDA:0,(anonymous_3)
FNDA:0,onRefreshFailed
FNDA:0,(anonymous_5)
FNDA:0,(anonymous_6)
FNDA:0,(anonymous_7)
FNDA:0,(anonymous_8)
FNDA:0,(anonymous_9)
FNDA:0,(anonymous_10)
FNDA:0,(anonymous_11)
DA:9,0
DA:13,0
DA:14,0
DA:20,0
DA:22,0
DA:23,0
DA:29,0
DA:33,0
DA:36,0
DA:44,0
DA:45,0
DA:48,0
DA:57,0
DA:58,0
DA:62,0
DA:63,0
DA:67,0
DA:68,0
DA:69,0
DA:70,0
DA:72,0
DA:73,0
DA:76,0
DA:77,0
DA:79,0
DA:80,0
DA:81,0
DA:83,0
DA:84,0
DA:85,0
DA:87,0
DA:88,0
DA:89,0
DA:92,0
DA:93,0
DA:95,0
DA:96,0
DA:97,0
DA:99,0
DA:100,0
DA:102,0
DA:109,0
DA:110,0
DA:111,0
DA:113,0
DA:114,0
DA:115,0
DA:116,0
DA:117,0
DA:118,0
DA:120,0
DA:121,0
DA:123,0
DA:124,0
DA:125,0
DA:126,0
DA:127,0
DA:130,0
LF:58
LH:0
BRDA:13,0,0,0
BRDA:13,0,1,0
BRDA:13,1,0,0
BRDA:13,1,1,0
BRDA:20,2,0,0
BRDA:20,2,1,0
BRDA:22,3,0,0
BRDA:22,3,1,0
BRDA:22,4,0,0
BRDA:22,4,1,0
BRDA:69,5,0,0
BRDA:69,5,1,0
BRDA:69,6,0,0
BRDA:69,6,1,0
BRDA:80,7,0,0
BRDA:80,7,1,0
BRDA:83,8,0,0
BRDA:83,8,1,0
BRDA:87,9,0,0
BRDA:87,9,1,0
BRDA:92,10,0,0
BRDA:92,10,1,0
BRDA:92,11,0,0
BRDA:92,11,1,0
BRDA:95,12,0,0
BRDA:95,12,1,0
BRDA:99,13,0,0
BRDA:99,13,1,0
BRDA:117,14,0,0
BRDA:117,14,1,0
BRF:30
BRH:0
end_of_record
TN:
SF:services\apiErrorHandler.ts
FN:11,handleApiError
FN:20,(anonymous_1)
FNF:2
FNH:0
FNDA:0,handleApiError
FNDA:0,(anonymous_1)
DA:12,0
DA:13,0
DA:14,0
DA:16,0
DA:17,0
DA:18,0
DA:19,0
DA:20,0
DA:21,0
DA:22,0
DA:23,0
DA:24,0
DA:26,0
DA:27,0
DA:30,0
DA:32,0
DA:35,0
DA:36,0
LF:18
LH:0
BRDA:12,0,0,0
BRDA:12,0,1,0
BRDA:16,1,0,0
BRDA:16,1,1,0
BRDA:17,2,0,0
BRDA:17,2,1,0
BRDA:19,3,0,0
BRDA:19,3,1,0
BRDA:20,4,0,0
BRDA:20,4,1,0
BRDA:21,5,0,0
BRDA:21,5,1,0
BRDA:23,6,0,0
BRDA:23,6,1,0
BRDA:26,7,0,0
BRDA:26,7,1,0
BRF:16
BRH:0
end_of_record
TN:
SF:services\associationService.ts
FN:14,(anonymous_0)
FN:24,(anonymous_1)
FN:35,(anonymous_2)
FN:45,(anonymous_3)
FN:58,(anonymous_4)
FN:68,(anonymous_5)
FN:77,(anonymous_6)
FN:90,(anonymous_7)
FN:97,(anonymous_8)
FN:111,(anonymous_9)
FN:121,(anonymous_10)
FN:131,(anonymous_11)
FN:140,(anonymous_12)
FN:159,(anonymous_13)
FN:172,(anonymous_14)
FN:196,(anonymous_15)
FNF:16
FNH:0
FNDA:0,(anonymous_0)
FNDA:0,(anonymous_1)
FNDA:0,(anonymous_2)
FNDA:0,(anonymous_3)
FNDA:0,(anonymous_4)
FNDA:0,(anonymous_5)
FNDA:0,(anonymous_6)
FNDA:0,(anonymous_7)
FNDA:0,(anonymous_8)
FNDA:0,(anonymous_9)
FNDA:0,(anonymous_10)
FNDA:0,(anonymous_11)
FNDA:0,(anonymous_12)
FNDA:0,(anonymous_13)
FNDA:0,(anonymous_14)
FNDA:0,(anonymous_15)
DA:11,0
DA:15,0
DA:16,0
DA:17,0
DA:19,0
DA:25,0
DA:26,0
DA:27,0
DA:29,0
DA:30,0
DA:36,0
DA:37,0
DA:38,0
DA:40,0
DA:46,0
DA:47,0
DA:51,0
DA:53,0
DA:59,0
DA:60,0
DA:61,0
DA:63,0
DA:69,0
DA:70,0
DA:72,0
DA:78,0
DA:79,0
DA:80,0
DA:82,0
DA:83,0
DA:91,0
DA:92,0
DA:93,0
DA:95,0
DA:97,0
DA:98,0
DA:99,0
DA:102,0
DA:104,0
DA:105,0
DA:112,0
DA:113,0
DA:114,0
DA:116,0
DA:122,0
DA:123,0
DA:124,0
DA:126,0
DA:132,0
DA:133,0
DA:135,0
DA:142,0
DA:143,0
DA:152,0
DA:154,0
DA:161,0
DA:162,0
DA:165,0
DA:167,0
DA:177,0
DA:178,0
DA:184,0
DA:186,0
DA:200,0
DA:201,0
DA:202,0
DA:206,0
DA:208,0
DA:209,0
LF:69
LH:0
BRDA:201,0,0,0
BRDA:201,0,1,0
BRF:2
BRH:0
end_of_record
TN:
SF:services\authService.ts
FN:33,(anonymous_0)
FN:49,(anonymous_1)
FN:61,(anonymous_2)
FN:66,(anonymous_3)
FN:70,(anonymous_4)
FN:77,(anonymous_5)
FNF:6
FNH:0
FNDA:0,(anonymous_0)
FNDA:0,(anonymous_1)
FNDA:0,(anonymous_2)
FNDA:0,(anonymous_3)
FNDA:0,(anonymous_4)
FNDA:0,(anonymous_5)
DA:31,0
DA:34,0
DA:35,0
DA:36,0
DA:38,0
DA:42,0
DA:43,0
DA:44,0
DA:45,0
DA:50,0
DA:51,0
DA:52,0
DA:54,0
DA:55,0
DA:56,0
DA:57,0
DA:58,0
DA:62,0
DA:63,0
DA:67,0
DA:71,0
DA:78,0
DA:79,0
DA:80,0
DA:82,0
DA:83,0
DA:84,0
DA:87,0
DA:88,0
DA:95,0
DA:96,0
DA:97,0
DA:99,0
DA:110,0
DA:113,0
DA:114,0
DA:116,0
DA:127,0
DA:131,0
DA:132,0
DA:135,0
DA:136,0
DA:137,0
LF:43
LH:0
BRDA:44,0,0,0
BRDA:44,0,1,0
BRDA:51,1,0,0
BRDA:51,1,1,0
BRDA:56,2,0,0
BRDA:56,2,1,0
BRDA:79,3,0,0
BRDA:79,3,1,0
BRDA:79,4,0,0
BRDA:79,4,1,0
BRDA:79,4,2,0
BRDA:79,4,3,0
BRDA:83,5,0,0
BRDA:83,5,1,0
BRDA:91,6,0,0
BRDA:91,6,1,0
BRDA:92,7,0,0
BRDA:92,7,1,0
BRDA:95,8,0,0
BRDA:95,8,1,0
BRDA:96,9,0,0
BRDA:96,9,1,0
BRDA:96,10,0,0
BRDA:96,10,1,0
BRDA:96,10,2,0
BRDA:96,10,3,0
BRDA:104,11,0,0
BRDA:104,11,1,0
BRDA:105,12,0,0
BRDA:105,12,1,0
BRDA:106,13,0,0
BRDA:106,13,1,0
BRDA:107,14,0,0
BRDA:107,14,1,0
BRDA:113,15,0,0
BRDA:113,15,1,0
BRDA:113,16,0,0
BRDA:113,16,1,0
BRDA:113,16,2,0
BRDA:113,16,3,0
BRDA:113,16,4,0
BRDA:113,16,5,0
BRDA:113,16,6,0
BRDA:113,16,7,0
BRDA:136,17,0,0
BRDA:136,17,1,0
BRF:46
BRH:0
end_of_record
TN:
SF:services\category.service.ts
FN:12,(anonymous_0)
FNF:1
FNH:0
FNDA:0,(anonymous_0)
DA:6,0
DA:13,0
DA:14,0
DA:15,0
DA:17,0
DA:18,0
LF:6
LH:0
BRF:0
BRH:0
end_of_record
TN:
SF:services\documentService.ts
FN:26,(anonymous_0)
FNF:1
FNH:0
FNDA:0,(anonymous_0)
DA:24,0
DA:27,0
DA:28,0
DA:29,0
DA:31,0
DA:32,0
DA:34,0
DA:37,0
DA:38,0
DA:39,0
DA:43,0
DA:48,0
DA:51,0
DA:53,0
DA:56,0
DA:57,0
DA:58,0
LF:17
LH:0
BRDA:31,0,0,0
BRDA:31,0,1,0
BRDA:32,1,0,0
BRDA:32,1,1,0
BRDA:39,2,0,0
BRDA:39,2,1,0
BRDA:45,3,0,0
BRDA:45,3,1,0
BRDA:46,4,0,0
BRDA:46,4,1,0
BRDA:57,5,0,0
BRDA:57,5,1,0
BRF:12
BRH:0
end_of_record
TN:
SF:services\missionService.ts
FN:21,(anonymous_0)
FN:65,(anonymous_1)
FNF:2
FNH:0
FNDA:0,(anonymous_0)
FNDA:0,(anonymous_1)
DA:15,0
DA:23,0
DA:25,0
DA:26,0
DA:27,0
DA:30,0
DA:31,0
DA:32,0
DA:33,0
DA:34,0
DA:35,0
DA:37,0
DA:42,0
DA:43,0
DA:47,0
DA:48,0
DA:51,0
DA:52,0
DA:54,0
DA:56,0
DA:57,0
DA:66,0
DA:67,0
DA:69,0
DA:71,0
DA:72,0
LF:26
LH:0
BRDA:21,0,0,0
BRDA:25,1,0,0
BRDA:25,1,1,0
BRDA:26,2,0,0
BRDA:26,2,1,0
BRDA:27,3,0,0
BRDA:27,3,1,0
BRDA:30,4,0,0
BRDA:30,4,1,0
BRDA:31,5,0,0
BRDA:31,5,1,0
BRDA:42,6,0,0
BRDA:42,6,1,0
BRDA:47,7,0,0
BRDA:47,7,1,0
BRDA:47,8,0,0
BRDA:47,8,1,0
BRF:17
BRH:0
end_of_record
TN:
SF:services\storageService.ts
FN:4,(anonymous_0)
FN:15,(anonymous_1)
FN:16,(anonymous_2)
FN:18,(anonymous_3)
FN:26,(anonymous_4)
FN:34,(anonymous_5)
FN:43,(anonymous_6)
FNF:7
FNH:0
FNDA:0,(anonymous_0)
FNDA:0,(anonymous_1)
FNDA:0,(anonymous_2)
FNDA:0,(anonymous_3)
FNDA:0,(anonymous_4)
FNDA:0,(anonymous_5)
FNDA:0,(anonymous_6)
DA:3,0
DA:5,0
DA:6,0
DA:11,0
DA:12,0
DA:15,0
DA:16,0
DA:19,0
DA:20,0
DA:22,0
DA:23,0
DA:27,0
DA:28,0
DA:30,0
DA:31,0
DA:35,0
DA:36,0
DA:38,0
DA:39,0
DA:44,0
DA:45,0
DA:46,0
DA:48,0
DA:49,0
LF:24
LH:0
BRF:0
BRH:0
end_of_record
TN:
SF:services\volunteerService.ts
FN:9,(anonymous_0)
FN:23,(anonymous_1)
FN:40,(anonymous_2)
FN:56,(anonymous_3)
FN:70,(anonymous_4)
FN:84,(anonymous_5)
FN:98,(anonymous_6)
FN:114,(anonymous_7)
FN:121,(anonymous_8)
FN:126,(anonymous_9)
FN:139,(anonymous_10)
FN:146,(anonymous_11)
FN:151,(anonymous_12)
FN:167,(anonymous_13)
FN:181,(anonymous_14)
FN:194,(anonymous_15)
FN:209,(anonymous_16)
FN:225,(anonymous_17)
FNF:18
FNH:0
FNDA:0,(anonymous_0)
FNDA:0,(anonymous_1)
FNDA:0,(anonymous_2)
FNDA:0,(anonymous_3)
FNDA:0,(anonymous_4)
FNDA:0,(anonymous_5)
FNDA:0,(anonymous_6)
FNDA:0,(anonymous_7)
FNDA:0,(anonymous_8)
FNDA:0,(anonymous_9)
FNDA:0,(anonymous_10)
FNDA:0,(anonymous_11)
FNDA:0,(anonymous_12)
FNDA:0,(anonymous_13)
FNDA:0,(anonymous_14)
FNDA:0,(anonymous_15)
FNDA:0,(anonymous_16)
FNDA:0,(anonymous_17)
DA:9,0
DA:10,0
DA:11,0
DA:12,0
DA:13,0
DA:17,0
DA:24,0
DA:25,0
DA:29,0
DA:31,0
DA:32,0
DA:41,0
DA:42,0
DA:43,0
DA:45,0
DA:46,0
DA:57,0
DA:58,0
DA:59,0
DA:61,0
DA:62,0
DA:71,0
DA:72,0
DA:73,0
DA:75,0
DA:76,0
DA:85,0
DA:86,0
DA:88,0
DA:89,0
DA:99,0
DA:101,0
DA:102,0
DA:103,0
DA:105,0
DA:106,0
DA:115,0
DA:116,0
DA:118,0
DA:119,0
DA:121,0
DA:122,0
DA:123,0
DA:126,0
DA:127,0
DA:131,0
DA:132,0
DA:140,0
DA:141,0
DA:143,0
DA:144,0
DA:146,0
DA:147,0
DA:148,0
DA:151,0
DA:152,0
DA:156,0
DA:157,0
DA:168,0
DA:169,0
DA:170,0
DA:172,0
DA:173,0
DA:182,0
DA:183,0
DA:185,0
DA:186,0
DA:195,0
DA:196,0
DA:198,0
DA:199,0
DA:210,0
DA:211,0
DA:216,0
DA:217,0
DA:226,0
DA:227,0
DA:229,0
DA:230,0
LF:79
LH:0
BRDA:10,0,0,0
BRDA:10,0,1,0
BRDA:11,1,0,0
BRDA:11,1,1,0
BRDA:101,2,0,0
BRDA:101,2,1,0
BRF:6
BRH:0
end_of_record
TN:
SF:utils\date.utils.ts
FN:3,(anonymous_0)
FNF:1
FNH:0
FNDA:0,(anonymous_0)
DA:3,0
DA:7,0
DA:11,0
DA:12,0
DA:13,0
DA:15,0
DA:19,0
DA:21,0
DA:24,0
DA:25,0
DA:26,0
DA:28,0
DA:33,0
DA:35,0
DA:38,0
DA:40,0
DA:42,0
DA:48,0
DA:49,0
DA:53,0
DA:54,0
DA:57,0
LF:22
LH:0
BRDA:5,0,0,0
BRDA:7,1,0,0
BRDA:7,1,1,0
BRDA:11,2,0,0
BRDA:11,2,1,0
BRDA:12,3,0,0
BRDA:12,3,1,0
BRDA:21,4,0,0
BRDA:21,4,1,0
BRDA:25,5,0,0
BRDA:25,5,1,0
BRDA:35,6,0,0
BRDA:35,6,1,0
BRDA:38,7,0,0
BRDA:38,7,1,0
BRDA:40,8,0,0
BRDA:40,8,1,0
BRDA:48,9,0,0
BRDA:48,9,1,0
BRDA:53,10,0,0
BRDA:53,10,1,0
BRF:21
BRH:0
end_of_record
TN:
SF:utils\geo.ts
FN:3,haversineKm
FN:5,(anonymous_1)
FN:17,formatDistance
FNF:3
FNH:3
FNDA:2,haversineKm
FNDA:8,(anonymous_1)
FNDA:4,formatDistance
DA:4,2
DA:5,8
DA:7,2
DA:8,2
DA:11,2
DA:14,2
DA:18,4
DA:19,2
DA:20,2
DA:21,1
LF:10
LH:10
BRDA:18,0,0,2
BRDA:18,0,1,2
BRDA:20,1,0,1
BRDA:20,1,1,1
BRF:4
BRH:4
end_of_record
TN:
SF:utils\geocode.ts
FN:10,fetchNominatim
FN:12,(anonymous_1)
FN:50,geocodeAddressNominatim
FN:61,(anonymous_3)
FNF:4
FNH:3
FNDA:3,fetchNominatim
FNDA:0,(anonymous_1)
FNDA:5,geocodeAddressNominatim
FNDA:3,(anonymous_3)
DA:5,1
DA:8,1
DA:11,3
DA:12,3
DA:14,3
DA:15,3
DA:17,3
DA:26,3
DA:28,1
DA:31,2
DA:33,2
DA:34,1
DA:37,1
DA:38,1
DA:40,1
DA:41,0
DA:44,1
DA:46,3
DA:51,5
DA:52,5
DA:55,4
DA:56,4
DA:57,1
DA:61,3
DA:62,3
DA:63,3
DA:65,3
DA:66,3
DA:69,2
DA:71,2
DA:73,1
DA:74,1
LF:32
LH:31
BRDA:26,0,0,1
BRDA:26,0,1,2
BRDA:33,1,0,1
BRDA:33,1,1,1
BRDA:33,2,0,2
BRDA:33,2,1,2
BRDA:40,3,0,0
BRDA:40,3,1,1
BRDA:40,4,0,1
BRDA:40,4,1,1
BRDA:51,5,0,5
BRDA:51,5,1,0
BRDA:52,6,0,1
BRDA:52,6,1,4
BRDA:56,7,0,1
BRDA:56,7,1,3
BRDA:63,8,0,0
BRDA:63,8,1,3
BRF:18
BRH:15
end_of_record
TN:
SF:utils\geocodeCache.ts
FN:46,now
FN:50,normalizeGeocodeKey
FN:61,isExpired
FN:67,storageGetItem
FN:85,storageSetItem
FN:107,(anonymous_5)
FN:111,(anonymous_6)
FN:116,(anonymous_7)
FN:124,(anonymous_8)
FN:128,(anonymous_9)
FN:150,(anonymous_10)
FN:169,(anonymous_11)
FN:177,(anonymous_12)
FN:197,(anonymous_13)
FN:212,(anonymous_14)
FN:221,(anonymous_15)
FNF:16
FNH:15
FNDA:15,now
FNDA:21,normalizeGeocodeKey
FNDA:7,isExpired
FNDA:4,storageGetItem
FNDA:8,storageSetItem
FNDA:5,(anonymous_5)
FNDA:7,(anonymous_6)
FNDA:8,(anonymous_7)
FNDA:19,(anonymous_8)
FNDA:4,(anonymous_9)
FNDA:0,(anonymous_10)
FNDA:8,(anonymous_11)
FNDA:9,(anonymous_12)
FNDA:8,(anonymous_13)
FNDA:2,(anonymous_14)
FNDA:1,(anonymous_15)
DA:28,1
DA:36,1
DA:37,1
DA:38,0
DA:40,0
DA:42,0
DA:47,15
DA:51,21
DA:62,7
DA:63,7
DA:64,7
DA:68,4
DA:69,4
DA:70,4
DA:72,0
DA:75,0
DA:76,0
DA:77,0
DA:79,0
DA:82,0
DA:86,8
DA:87,8
DA:88,8
DA:90,8
DA:92,0
DA:93,0
DA:94,0
DA:101,5
DA:102,5
DA:104,5
DA:105,5
DA:108,5
DA:112,7
DA:113,7
DA:117,8
DA:118,2
DA:119,2
DA:120,2
DA:125,19
DA:126,5
DA:128,4
DA:129,4
DA:130,4
DA:131,4
DA:132,4
DA:135,0
DA:136,0
DA:137,0
DA:140,0
DA:141,0
DA:143,0
DA:144,0
DA:145,0
DA:146,0
DA:150,0
DA:152,0
DA:155,0
DA:156,0
DA:157,0
DA:163,0
DA:166,4
DA:171,8
DA:172,8
DA:173,8
DA:178,9
DA:180,9
DA:181,9
DA:183,9
DA:184,9
DA:186,7
DA:187,0
DA:188,0
DA:189,0
DA:192,7
DA:193,7
DA:194,7
DA:198,8
DA:200,8
DA:201,8
DA:203,8
DA:204,8
DA:205,8
DA:213,2
DA:215,2
DA:216,2
DA:218,2
DA:219,2
DA:221,1
DA:222,1
DA:223,1
DA:225,1
DA:229,1
DA:230,1
DA:235,1
LF:94
LH:64
BRDA:37,0,0,0
BRDA:37,0,1,1
BRDA:51,1,0,21
BRDA:51,1,1,0
BRDA:63,2,0,6
BRDA:63,2,1,1
BRDA:68,3,0,4
BRDA:68,3,1,0
BRDA:70,4,0,4
BRDA:70,4,1,4
BRDA:75,5,0,0
BRDA:75,5,1,0
BRDA:86,6,0,8
BRDA:86,6,1,0
BRDA:92,7,0,0
BRDA:92,7,1,0
BRDA:108,8,0,5
BRDA:108,8,1,0
BRDA:119,9,0,0
BRDA:119,9,1,2
BRDA:125,10,0,14
BRDA:125,10,1,5
BRDA:126,11,0,1
BRDA:126,11,1,4
BRDA:130,12,0,4
BRDA:130,12,1,0
BRDA:137,13,0,0
BRDA:137,13,1,0
BRDA:143,14,0,0
BRDA:143,14,1,0
BRDA:143,15,0,0
BRDA:143,15,1,0
BRDA:143,15,2,0
BRDA:144,16,0,0
BRDA:144,16,1,0
BRDA:145,17,0,0
BRDA:145,17,1,0
BRDA:181,18,0,0
BRDA:181,18,1,9
BRDA:184,19,0,2
BRDA:184,19,1,7
BRDA:186,20,0,0
BRDA:186,20,1,7
BRDA:192,21,0,7
BRDA:192,21,1,0
BRDA:201,22,0,0
BRDA:201,22,1,8
BRDA:216,23,0,0
BRDA:216,23,1,2
BRDA:219,24,0,1
BRDA:219,24,1,1
BRF:51
BRH:24
end_of_record
TN:
SF:utils\mission.utils.ts
FN:10,isMissionFinished
FN:25,(anonymous_1)
FN:48,(anonymous_2)
FNF:3
FNH:0
FNDA:0,isMissionFinished
FNDA:0,(anonymous_1)
FNDA:0,(anonymous_2)
DA:11,0
DA:12,0
DA:14,0
DA:15,0
DA:16,0
DA:18,0
DA:25,0
DA:48,0
DA:50,0
DA:54,0
LF:10
LH:0
BRDA:11,0,0,0
BRDA:11,0,1,0
BRDA:15,1,0,0
BRDA:15,1,1,0
BRDA:50,2,0,0
BRDA:50,2,1,0
BRDA:50,3,0,0
BRDA:50,3,1,0
BRDA:59,4,0,0
BRDA:59,4,1,0
BRDA:59,5,0,0
BRDA:59,5,1,0
BRDA:62,6,0,0
BRDA:62,6,1,0
BRDA:63,7,0,0
BRDA:63,7,1,0
BRDA:64,8,0,0
BRDA:64,8,1,0
BRF:18
BRH:0
end_of_record
TN:
SF:utils\path.utils.ts
FN:12,(anonymous_0)
FNF:1
FNH:0
FNDA:0,(anonymous_0)
DA:12,0
DA:13,0
LF:2
LH:0
BRF:0
BRH:0
end_of_record
