TN:
SF:context\AuthContext.tsx
FN:66,(anonymous_0)
FN:75,(anonymous_1)
FN:83,(anonymous_2)
FN:101,(anonymous_3)
FN:212,(anonymous_4)
FN:272,(anonymous_5)
FN:289,(anonymous_6)
FN:290,(anonymous_7)
FNF:8
FNH:7
FNDA:8,(anonymous_0)
FNDA:9,(anonymous_1)
FNDA:1,(anonymous_2)
FNDA:1,(anonymous_3)
FNDA:4,(anonymous_4)
FNDA:0,(anonymous_5)
FNDA:4,(anonymous_6)
FNDA:4,(anonymous_7)
DA:15,1
DA:16,1
DA:18,1
DA:19,1
DA:64,1
DA:66,1
DA:67,8
DA:68,8
DA:69,8
DA:75,1
DA:76,9
DA:77,9
DA:78,9
DA:83,9
DA:84,1
DA:85,1
DA:86,1
DA:87,1
DA:88,1
DA:89,1
DA:90,1
DA:92,0
DA:94,1
DA:101,9
DA:102,1
DA:104,1
DA:107,1
DA:108,1
DA:109,1
DA:137,0
DA:138,0
DA:165,0
DA:167,0
DA:169,0
DA:196,0
DA:197,0
DA:206,0
DA:212,9
DA:213,4
DA:214,4
DA:216,4
DA:217,4
DA:222,4
DA:223,2
DA:224,2
DA:225,2
DA:228,2
DA:231,1
DA:233,1
DA:234,1
DA:236,1
DA:237,1
DA:239,1
DA:240,1
DA:241,1
DA:246,1
DA:250,1
DA:252,1
DA:253,0
DA:255,1
DA:256,1
DA:257,1
DA:258,1
DA:259,1
DA:260,1
DA:264,4
DA:271,9
DA:273,0
DA:274,0
DA:275,0
DA:276,0
DA:278,0
DA:279,0
DA:280,0
DA:289,9
DA:290,4
DA:291,4
DA:292,4
DA:293,4
DA:294,4
DA:299,4
DA:300,3
DA:301,3
DA:306,3
DA:307,3
DA:313,4
DA:315,0
DA:316,0
DA:317,0
DA:319,4
DA:323,4
DA:329,9
LF:92
LH:72
BRDA:68,0,0,0
BRDA:68,0,1,8
BRDA:102,1,0,1
BRDA:102,1,1,1
BRDA:104,2,0,0
BRDA:104,2,1,1
BRDA:107,3,0,1
BRDA:107,3,1,0
BRDA:107,4,0,1
BRDA:107,4,1,1
BRDA:110,5,0,1
BRDA:110,5,1,0
BRDA:110,5,2,0
BRDA:110,5,3,0
BRDA:110,5,4,0
BRDA:111,6,0,1
BRDA:111,6,1,0
BRDA:112,7,0,1
BRDA:112,7,1,0
BRDA:137,8,0,0
BRDA:137,8,1,0
BRDA:165,9,0,0
BRDA:165,9,1,0
BRDA:165,10,0,0
BRDA:165,10,1,0
BRDA:165,10,2,0
BRDA:167,11,0,0
BRDA:167,11,1,0
BRDA:167,12,0,0
BRDA:167,12,1,0
BRDA:171,13,0,0
BRDA:171,13,1,0
BRDA:172,14,0,0
BRDA:172,14,1,0
BRDA:196,15,0,0
BRDA:196,15,1,0
BRDA:196,16,0,0
BRDA:196,16,1,0
BRDA:198,17,0,0
BRDA:198,17,1,0
BRDA:198,17,2,0
BRDA:199,18,0,0
BRDA:199,18,1,0
BRDA:199,18,2,0
BRDA:200,19,0,0
BRDA:200,19,1,0
BRDA:201,20,0,0
BRDA:201,20,1,0
BRDA:219,21,0,2
BRDA:219,21,1,2
BRDA:222,22,0,2
BRDA:222,22,1,2
BRDA:231,23,0,1
BRDA:231,23,1,0
BRDA:233,24,0,1
BRDA:233,24,1,0
BRDA:237,25,0,0
BRDA:237,25,1,1
BRDA:252,26,0,0
BRDA:252,26,1,1
BRDA:256,27,0,1
BRDA:256,27,1,0
BRDA:296,28,0,1
BRDA:296,28,1,3
BRDA:299,29,0,3
BRDA:299,29,1,1
BRDA:299,30,0,4
BRDA:299,30,1,3
BRDA:299,30,2,3
BRDA:309,31,0,1
BRDA:309,31,1,2
BRF:71
BRH:28
end_of_record
TN:
SF:context\LanguageContext.tsx
FN:23,(anonymous_0)
FN:28,(anonymous_1)
FN:38,(anonymous_2)
FN:61,(anonymous_3)
FNF:4
FNH:4
FNDA:5,(anonymous_0)
FNDA:2,(anonymous_1)
FNDA:2,(anonymous_2)
FNDA:5,(anonymous_3)
DA:21,1
DA:23,1
DA:24,5
DA:25,5
DA:26,5
DA:28,5
DA:29,2
DA:30,2
DA:31,2
DA:32,2
DA:35,2
DA:38,5
DA:39,2
DA:40,2
DA:41,2
DA:45,5
DA:46,5
DA:48,5
DA:61,1
DA:62,5
DA:63,5
DA:64,0
DA:66,5
LF:23
LH:22
BRDA:29,0,0,2
BRDA:29,0,1,0
BRDA:30,1,0,2
BRDA:30,1,1,0
BRDA:45,2,0,1
BRDA:45,2,1,4
BRDA:46,3,0,1
BRDA:46,3,1,4
BRDA:63,4,0,0
BRDA:63,4,1,5
BRF:10
BRH:7
end_of_record
TN:
SF:context\ThemeContext.tsx
FN:36,(anonymous_0)
FN:39,(anonymous_1)
FN:40,(anonymous_2)
FN:54,(anonymous_3)
FNF:4
FNH:4
FNDA:2,(anonymous_0)
FNDA:1,(anonymous_1)
FNDA:1,(anonymous_2)
FNDA:2,(anonymous_3)
DA:5,1
DA:34,1
DA:36,1
DA:37,2
DA:39,2
DA:40,1
DA:43,2
DA:45,2
DA:54,1
DA:55,2
DA:56,2
DA:57,0
DA:59,2
LF:13
LH:12
BRDA:43,0,0,1
BRDA:43,0,1,1
BRDA:48,1,0,1
BRDA:48,1,1,1
BRDA:56,2,0,0
BRDA:56,2,1,2
BRF:6
BRH:5
end_of_record
TN:
SF:hooks\use-color-scheme.ts
FNF:0
FNH:0
LF:0
LH:0
BRF:0
BRH:0
end_of_record
TN:
SF:hooks\use-color-scheme.web.ts
FN:7,useColorScheme
FN:10,(anonymous_1)
FNF:2
FNH:0
FNDA:0,useColorScheme
FNDA:0,(anonymous_1)
DA:8,0
DA:10,0
DA:11,0
DA:14,0
DA:16,0
DA:17,0
DA:20,0
LF:7
LH:0
BRDA:16,0,0,0
BRDA:16,0,1,0
BRF:2
BRH:0
end_of_record
TN:
SF:hooks\use-theme-color.ts
FN:9,useThemeColor
FNF:1
FNH:1
FNDA:3,useThemeColor
DA:13,3
DA:14,3
DA:16,3
DA:17,1
DA:19,2
LF:5
LH:5
BRDA:13,0,0,3
BRDA:13,0,1,1
BRDA:16,1,0,1
BRDA:16,1,1,2
BRF:4
BRH:4
end_of_record
TN:
SF:services\apiErrorHandler.ts
FN:11,handleApiError
FN:20,(anonymous_1)
FNF:2
FNH:2
FNDA:6,handleApiError
FNDA:2,(anonymous_1)
DA:12,6
DA:13,5
DA:14,5
DA:16,5
DA:17,4
DA:18,1
DA:19,3
DA:20,2
DA:21,2
DA:22,1
DA:23,1
DA:24,1
DA:26,1
DA:27,1
DA:30,5
DA:32,5
DA:35,1
DA:36,1
LF:18
LH:18
BRDA:12,0,0,5
BRDA:12,0,1,1
BRDA:16,1,0,4
BRDA:16,1,1,1
BRDA:17,2,0,1
BRDA:17,2,1,3
BRDA:19,3,0,1
BRDA:19,3,1,2
BRDA:20,4,0,2
BRDA:20,4,1,0
BRDA:21,5,0,1
BRDA:21,5,1,1
BRDA:23,6,0,1
BRDA:23,6,1,0
BRDA:26,7,0,1
BRDA:26,7,1,0
BRF:16
BRH:13
end_of_record
TN:
SF:services\authService.ts
FN:33,(anonymous_0)
FN:49,(anonymous_1)
FN:61,(anonymous_2)
FN:66,(anonymous_3)
FN:70,(anonymous_4)
FN:77,(anonymous_5)
FNF:6
FNH:3
FNDA:1,(anonymous_0)
FNDA:2,(anonymous_1)
FNDA:0,(anonymous_2)
FNDA:0,(anonymous_3)
FNDA:0,(anonymous_4)
FNDA:4,(anonymous_5)
DA:31,1
DA:34,1
DA:35,1
DA:36,1
DA:38,1
DA:42,1
DA:43,1
DA:44,1
DA:45,1
DA:50,2
DA:51,2
DA:52,1
DA:54,1
DA:55,1
DA:56,1
DA:57,1
DA:58,1
DA:62,0
DA:63,0
DA:67,0
DA:71,0
DA:78,4
DA:79,4
DA:80,1
DA:82,3
DA:83,3
DA:84,1
DA:87,2
DA:88,2
DA:95,2
DA:96,1
DA:97,0
DA:99,1
DA:110,1
DA:113,1
DA:114,0
DA:116,1
DA:127,1
DA:131,2
DA:132,2
DA:135,2
DA:136,2
DA:137,2
LF:43
LH:37
BRDA:44,0,0,1
BRDA:44,0,1,0
BRDA:51,1,0,1
BRDA:51,1,1,1
BRDA:56,2,0,1
BRDA:56,2,1,0
BRDA:79,3,0,1
BRDA:79,3,1,3
BRDA:79,4,0,4
BRDA:79,4,1,3
BRDA:79,4,2,3
BRDA:79,4,3,3
BRDA:83,5,0,1
BRDA:83,5,1,2
BRDA:91,6,0,2
BRDA:91,6,1,0
BRDA:92,7,0,1
BRDA:92,7,1,1
BRDA:95,8,0,1
BRDA:95,8,1,1
BRDA:96,9,0,0
BRDA:96,9,1,1
BRDA:96,10,0,1
BRDA:96,10,1,1
BRDA:96,10,2,1
BRDA:96,10,3,1
BRDA:104,11,0,1
BRDA:104,11,1,1
BRDA:105,12,0,1
BRDA:105,12,1,1
BRDA:106,13,0,1
BRDA:106,13,1,1
BRDA:107,14,0,1
BRDA:107,14,1,1
BRDA:113,15,0,0
BRDA:113,15,1,1
BRDA:113,16,0,1
BRDA:113,16,1,1
BRDA:113,16,2,1
BRDA:113,16,3,1
BRDA:113,16,4,1
BRDA:113,16,5,1
BRDA:113,16,6,1
BRDA:113,16,7,1
BRDA:136,17,0,2
BRDA:136,17,1,2
BRF:46
BRH:41
end_of_record
TN:
SF:services\category.service.ts
FN:12,(anonymous_0)
FNF:1
FNH:1
FNDA:1,(anonymous_0)
DA:6,1
DA:13,1
DA:14,1
DA:15,1
DA:17,0
DA:18,0
LF:6
LH:4
BRF:0
BRH:0
end_of_record
TN:
SF:services\documentService.ts
FN:26,(anonymous_0)
FNF:1
FNH:1
FNDA:4,(anonymous_0)
DA:24,1
DA:27,4
DA:28,4
DA:29,4
DA:31,4
DA:32,2
DA:34,1
DA:37,1
DA:38,1
DA:39,1
DA:43,2
DA:48,2
DA:51,4
DA:53,3
DA:56,1
DA:57,1
DA:58,1
LF:17
LH:17
BRDA:31,0,0,2
BRDA:31,0,1,2
BRDA:32,1,0,1
BRDA:32,1,1,1
BRDA:39,2,0,1
BRDA:39,2,1,0
BRDA:45,3,0,2
BRDA:45,3,1,0
BRDA:46,4,0,2
BRDA:46,4,1,0
BRDA:57,5,0,1
BRDA:57,5,1,1
BRF:12
BRH:9
end_of_record
TN:
SF:services\missionService.ts
FN:21,(anonymous_0)
FN:65,(anonymous_1)
FNF:2
FNH:2
FNDA:1,(anonymous_0)
FNDA:1,(anonymous_1)
DA:15,1
DA:23,1
DA:25,1
DA:26,1
DA:27,1
DA:30,1
DA:31,1
DA:32,1
DA:33,1
DA:34,1
DA:35,1
DA:37,0
DA:42,1
DA:43,1
DA:47,1
DA:48,1
DA:51,1
DA:52,1
DA:54,1
DA:56,0
DA:57,0
DA:66,1
DA:67,1
DA:69,1
DA:71,0
DA:72,0
LF:26
LH:21
BRDA:21,0,0,0
BRDA:25,1,0,1
BRDA:25,1,1,0
BRDA:26,2,0,1
BRDA:26,2,1,0
BRDA:27,3,0,1
BRDA:27,3,1,0
BRDA:30,4,0,1
BRDA:30,4,1,0
BRDA:31,5,0,1
BRDA:31,5,1,0
BRDA:42,6,0,1
BRDA:42,6,1,0
BRDA:47,7,0,1
BRDA:47,7,1,0
BRDA:47,8,0,1
BRDA:47,8,1,1
BRF:17
BRH:9
end_of_record
TN:
SF:services\storageService.ts
FN:4,(anonymous_0)
FN:15,(anonymous_1)
FN:16,(anonymous_2)
FN:18,(anonymous_3)
FN:26,(anonymous_4)
FN:34,(anonymous_5)
FN:43,(anonymous_6)
FNF:7
FNH:7
FNDA:2,(anonymous_0)
FNDA:2,(anonymous_1)
FNDA:2,(anonymous_2)
FNDA:3,(anonymous_3)
FNDA:5,(anonymous_4)
FNDA:1,(anonymous_5)
FNDA:1,(anonymous_6)
DA:3,1
DA:5,2
DA:6,2
DA:11,0
DA:12,0
DA:15,2
DA:16,2
DA:19,3
DA:20,3
DA:22,0
DA:23,0
DA:27,5
DA:28,5
DA:30,1
DA:31,1
DA:35,1
DA:36,1
DA:38,0
DA:39,0
DA:44,1
DA:45,1
DA:46,1
DA:48,0
DA:49,0
LF:24
LH:16
BRF:0
BRH:0
end_of_record
TN:
SF:utils\date.utils.ts
FN:3,(anonymous_0)
FNF:1
FNH:1
FNDA:6,(anonymous_0)
DA:3,1
DA:7,6
DA:11,4
DA:12,2
DA:13,1
DA:15,2
DA:19,3
DA:21,3
DA:24,2
DA:25,2
DA:26,1
DA:28,1
DA:33,1
DA:35,1
DA:38,1
DA:40,1
DA:42,1
DA:48,1
DA:49,1
DA:53,1
DA:54,1
DA:57,0
LF:22
LH:21
BRDA:5,0,0,2
BRDA:7,1,0,2
BRDA:7,1,1,4
BRDA:11,2,0,2
BRDA:11,2,1,2
BRDA:12,3,0,1
BRDA:12,3,1,1
BRDA:21,4,0,2
BRDA:21,4,1,1
BRDA:25,5,0,1
BRDA:25,5,1,1
BRDA:35,6,0,0
BRDA:35,6,1,1
BRDA:38,7,0,1
BRDA:38,7,1,0
BRDA:40,8,0,1
BRDA:40,8,1,0
BRDA:48,9,0,1
BRDA:48,9,1,0
BRDA:53,10,0,1
BRDA:53,10,1,0
BRF:21
BRH:16
end_of_record
TN:
SF:utils\geo.ts
FN:3,haversineKm
FN:5,(anonymous_1)
FN:17,formatDistance
FNF:3
FNH:3
FNDA:2,haversineKm
FNDA:8,(anonymous_1)
FNDA:4,formatDistance
DA:4,2
DA:5,8
DA:7,2
DA:8,2
DA:11,2
DA:14,2
DA:18,4
DA:19,2
DA:20,2
DA:21,1
LF:10
LH:10
BRDA:18,0,0,2
BRDA:18,0,1,2
BRDA:20,1,0,1
BRDA:20,1,1,1
BRF:4
BRH:4
end_of_record
TN:
SF:utils\geocode.ts
FN:10,fetchNominatim
FN:12,(anonymous_1)
FN:50,geocodeAddressNominatim
FN:61,(anonymous_3)
FNF:4
FNH:3
FNDA:3,fetchNominatim
FNDA:0,(anonymous_1)
FNDA:5,geocodeAddressNominatim
FNDA:3,(anonymous_3)
DA:5,1
DA:8,1
DA:11,3
DA:12,3
DA:14,3
DA:15,3
DA:17,3
DA:26,3
DA:28,1
DA:31,2
DA:33,2
DA:34,1
DA:37,1
DA:38,1
DA:40,1
DA:41,0
DA:44,1
DA:46,3
DA:51,5
DA:52,5
DA:55,4
DA:56,4
DA:57,1
DA:61,3
DA:62,3
DA:63,3
DA:65,3
DA:66,3
DA:69,2
DA:71,2
DA:73,1
DA:74,1
LF:32
LH:31
BRDA:26,0,0,1
BRDA:26,0,1,2
BRDA:33,1,0,1
BRDA:33,1,1,1
BRDA:33,2,0,2
BRDA:33,2,1,2
BRDA:40,3,0,0
BRDA:40,3,1,1
BRDA:40,4,0,1
BRDA:40,4,1,1
BRDA:51,5,0,5
BRDA:51,5,1,0
BRDA:52,6,0,1
BRDA:52,6,1,4
BRDA:56,7,0,1
BRDA:56,7,1,3
BRDA:63,8,0,0
BRDA:63,8,1,3
BRF:18
BRH:15
end_of_record
TN:
SF:utils\geocodeCache.ts
FN:46,now
FN:50,normalizeGeocodeKey
FN:61,isExpired
FN:67,storageGetItem
FN:85,storageSetItem
FN:107,(anonymous_5)
FN:111,(anonymous_6)
FN:116,(anonymous_7)
FN:124,(anonymous_8)
FN:128,(anonymous_9)
FN:150,(anonymous_10)
FN:169,(anonymous_11)
FN:177,(anonymous_12)
FN:197,(anonymous_13)
FN:212,(anonymous_14)
FN:221,(anonymous_15)
FNF:16
FNH:15
FNDA:15,now
FNDA:21,normalizeGeocodeKey
FNDA:7,isExpired
FNDA:4,storageGetItem
FNDA:8,storageSetItem
FNDA:5,(anonymous_5)
FNDA:7,(anonymous_6)
FNDA:8,(anonymous_7)
FNDA:19,(anonymous_8)
FNDA:4,(anonymous_9)
FNDA:0,(anonymous_10)
FNDA:8,(anonymous_11)
FNDA:9,(anonymous_12)
FNDA:8,(anonymous_13)
FNDA:2,(anonymous_14)
FNDA:1,(anonymous_15)
DA:28,1
DA:36,1
DA:37,1
DA:38,0
DA:40,0
DA:42,0
DA:47,15
DA:51,21
DA:62,7
DA:63,7
DA:64,7
DA:68,4
DA:69,4
DA:70,4
DA:72,0
DA:75,0
DA:76,0
DA:77,0
DA:79,0
DA:82,0
DA:86,8
DA:87,8
DA:88,8
DA:90,8
DA:92,0
DA:93,0
DA:94,0
DA:101,5
DA:102,5
DA:104,5
DA:105,5
DA:108,5
DA:112,7
DA:113,7
DA:117,8
DA:118,2
DA:119,2
DA:120,2
DA:125,19
DA:126,5
DA:128,4
DA:129,4
DA:130,4
DA:131,4
DA:132,4
DA:135,0
DA:136,0
DA:137,0
DA:140,0
DA:141,0
DA:143,0
DA:144,0
DA:145,0
DA:146,0
DA:150,0
DA:152,0
DA:155,0
DA:156,0
DA:157,0
DA:163,0
DA:166,4
DA:171,8
DA:172,8
DA:173,8
DA:178,9
DA:180,9
DA:181,9
DA:183,9
DA:184,9
DA:186,7
DA:187,0
DA:188,0
DA:189,0
DA:192,7
DA:193,7
DA:194,7
DA:198,8
DA:200,8
DA:201,8
DA:203,8
DA:204,8
DA:205,8
DA:213,2
DA:215,2
DA:216,2
DA:218,2
DA:219,2
DA:221,1
DA:222,1
DA:223,1
DA:225,1
DA:229,1
DA:230,1
DA:235,1
LF:94
LH:64
BRDA:37,0,0,0
BRDA:37,0,1,1
BRDA:51,1,0,21
BRDA:51,1,1,0
BRDA:63,2,0,6
BRDA:63,2,1,1
BRDA:68,3,0,4
BRDA:68,3,1,0
BRDA:70,4,0,4
BRDA:70,4,1,4
BRDA:75,5,0,0
BRDA:75,5,1,0
BRDA:86,6,0,8
BRDA:86,6,1,0
BRDA:92,7,0,0
BRDA:92,7,1,0
BRDA:108,8,0,5
BRDA:108,8,1,0
BRDA:119,9,0,0
BRDA:119,9,1,2
BRDA:125,10,0,14
BRDA:125,10,1,5
BRDA:126,11,0,1
BRDA:126,11,1,4
BRDA:130,12,0,4
BRDA:130,12,1,0
BRDA:137,13,0,0
BRDA:137,13,1,0
BRDA:143,14,0,0
BRDA:143,14,1,0
BRDA:143,15,0,0
BRDA:143,15,1,0
BRDA:143,15,2,0
BRDA:144,16,0,0
BRDA:144,16,1,0
BRDA:145,17,0,0
BRDA:145,17,1,0
BRDA:181,18,0,0
BRDA:181,18,1,9
BRDA:184,19,0,2
BRDA:184,19,1,7
BRDA:186,20,0,0
BRDA:186,20,1,7
BRDA:192,21,0,7
BRDA:192,21,1,0
BRDA:201,22,0,0
BRDA:201,22,1,8
BRDA:216,23,0,0
BRDA:216,23,1,2
BRDA:219,24,0,1
BRDA:219,24,1,1
BRF:51
BRH:24
end_of_record
TN:
SF:utils\mission.utils.ts
FN:10,isMissionFinished
FN:25,(anonymous_1)
FN:48,(anonymous_2)
FNF:3
FNH:3
FNDA:3,isMissionFinished
FNDA:1,(anonymous_1)
FNDA:1,(anonymous_2)
DA:11,3
DA:12,1
DA:14,2
DA:15,2
DA:16,1
DA:18,1
DA:25,1
DA:48,1
DA:50,1
DA:54,1
LF:10
LH:10
BRDA:11,0,0,1
BRDA:11,0,1,2
BRDA:15,1,0,1
BRDA:15,1,1,1
BRDA:50,2,0,1
BRDA:50,2,1,0
BRDA:50,3,0,1
BRDA:50,3,1,1
BRDA:59,4,0,1
BRDA:59,4,1,0
BRDA:59,5,0,1
BRDA:59,5,1,0
BRDA:62,6,0,1
BRDA:62,6,1,1
BRDA:63,7,0,1
BRDA:63,7,1,1
BRDA:64,8,0,1
BRDA:64,8,1,1
BRF:18
BRH:15
end_of_record
TN:
SF:utils\path.utils.ts
FN:12,(anonymous_0)
FNF:1
FNH:1
FNDA:2,(anonymous_0)
DA:12,1
DA:13,2
LF:2
LH:2
BRF:0
BRH:0
end_of_record
